CRITICAL - 2024-04-20 22:33:01 --> BadMethodCallException: Call to undefined method App\Models\Nuevomodelo::getNews
in SYSTEMPATH\Model.php on line 879.
 1 APPPATH\Controllers\Noticia.php(13): CodeIgniter\Model->__call('getNews', [])
 2 SYSTEMPATH\CodeIgniter.php(943): App\Controllers\Noticia->index()
 3 SYSTEMPATH\CodeIgniter.php(503): CodeIgniter\CodeIgniter->runController(Object(App\Controllers\Noticia))
 4 SYSTEMPATH\CodeIgniter.php(361): CodeIgniter\CodeIgniter->handleRequest(null, Object(Config\Cache), false)
 5 FCPATH\index.php(79): CodeIgniter\CodeIgniter->run()
CRITICAL - 2024-04-20 22:39:22 --> BadMethodCallException: Call to undefined method App\Models\Nuevomodelo::getNews
in SYSTEMPATH\Model.php on line 879.
 1 APPPATH\Controllers\Noticia.php(13): CodeIgniter\Model->__call('getNews', [])
 2 SYSTEMPATH\CodeIgniter.php(943): App\Controllers\Noticia->index()
 3 SYSTEMPATH\CodeIgniter.php(503): CodeIgniter\CodeIgniter->runController(Object(App\Controllers\Noticia))
 4 SYSTEMPATH\CodeIgniter.php(361): CodeIgniter\CodeIgniter->handleRequest(null, Object(Config\Cache), false)
 5 FCPATH\index.php(79): CodeIgniter\CodeIgniter->run()
CRITICAL - 2024-04-20 22:39:23 --> BadMethodCallException: Call to undefined method App\Models\Nuevomodelo::getNews
in SYSTEMPATH\Model.php on line 879.
 1 APPPATH\Controllers\Noticia.php(13): CodeIgniter\Model->__call('getNews', [])
 2 SYSTEMPATH\CodeIgniter.php(943): App\Controllers\Noticia->index()
 3 SYSTEMPATH\CodeIgniter.php(503): CodeIgniter\CodeIgniter->runController(Object(App\Controllers\Noticia))
 4 SYSTEMPATH\CodeIgniter.php(361): CodeIgniter\CodeIgniter->handleRequest(null, Object(Config\Cache), false)
 5 FCPATH\index.php(79): CodeIgniter\CodeIgniter->run()
CRITICAL - 2024-04-20 22:39:23 --> BadMethodCallException: Call to undefined method App\Models\Nuevomodelo::getNews
in SYSTEMPATH\Model.php on line 879.
 1 APPPATH\Controllers\Noticia.php(13): CodeIgniter\Model->__call('getNews', [])
 2 SYSTEMPATH\CodeIgniter.php(943): App\Controllers\Noticia->index()
 3 SYSTEMPATH\CodeIgniter.php(503): CodeIgniter\CodeIgniter->runController(Object(App\Controllers\Noticia))
 4 SYSTEMPATH\CodeIgniter.php(361): CodeIgniter\CodeIgniter->handleRequest(null, Object(Config\Cache), false)
 5 FCPATH\index.php(79): CodeIgniter\CodeIgniter->run()
CRITICAL - 2024-04-20 22:39:23 --> BadMethodCallException: Call to undefined method App\Models\Nuevomodelo::getNews
in SYSTEMPATH\Model.php on line 879.
 1 APPPATH\Controllers\Noticia.php(13): CodeIgniter\Model->__call('getNews', [])
 2 SYSTEMPATH\CodeIgniter.php(943): App\Controllers\Noticia->index()
 3 SYSTEMPATH\CodeIgniter.php(503): CodeIgniter\CodeIgniter->runController(Object(App\Controllers\Noticia))
 4 SYSTEMPATH\CodeIgniter.php(361): CodeIgniter\CodeIgniter->handleRequest(null, Object(Config\Cache), false)
 5 FCPATH\index.php(79): CodeIgniter\CodeIgniter->run()
CRITICAL - 2024-04-20 22:39:23 --> BadMethodCallException: Call to undefined method App\Models\Nuevomodelo::getNews
in SYSTEMPATH\Model.php on line 879.
 1 APPPATH\Controllers\Noticia.php(13): CodeIgniter\Model->__call('getNews', [])
 2 SYSTEMPATH\CodeIgniter.php(943): App\Controllers\Noticia->index()
 3 SYSTEMPATH\CodeIgniter.php(503): CodeIgniter\CodeIgniter->runController(Object(App\Controllers\Noticia))
 4 SYSTEMPATH\CodeIgniter.php(361): CodeIgniter\CodeIgniter->handleRequest(null, Object(Config\Cache), false)
 5 FCPATH\index.php(79): CodeIgniter\CodeIgniter->run()
CRITICAL - 2024-04-20 22:56:25 --> BadMethodCallException: Call to undefined method App\Models\Nuevomodelo::getNews
in SYSTEMPATH\Model.php on line 879.
 1 APPPATH\Controllers\Noticia.php(13): CodeIgniter\Model->__call('getNews', [])
 2 SYSTEMPATH\CodeIgniter.php(943): App\Controllers\Noticia->index()
 3 SYSTEMPATH\CodeIgniter.php(503): CodeIgniter\CodeIgniter->runController(Object(App\Controllers\Noticia))
 4 SYSTEMPATH\CodeIgniter.php(361): CodeIgniter\CodeIgniter->handleRequest(null, Object(Config\Cache), false)
 5 FCPATH\index.php(79): CodeIgniter\CodeIgniter->run()
CRITICAL - 2024-04-20 22:56:26 --> BadMethodCallException: Call to undefined method App\Models\Nuevomodelo::getNews
in SYSTEMPATH\Model.php on line 879.
 1 APPPATH\Controllers\Noticia.php(13): CodeIgniter\Model->__call('getNews', [])
 2 SYSTEMPATH\CodeIgniter.php(943): App\Controllers\Noticia->index()
 3 SYSTEMPATH\CodeIgniter.php(503): CodeIgniter\CodeIgniter->runController(Object(App\Controllers\Noticia))
 4 SYSTEMPATH\CodeIgniter.php(361): CodeIgniter\CodeIgniter->handleRequest(null, Object(Config\Cache), false)
 5 FCPATH\index.php(79): CodeIgniter\CodeIgniter->run()
CRITICAL - 2024-04-20 22:59:12 --> Error: Class "App\Models\BaseController" not found
in APPPATH\Controllers\Prueba.php on line 7.
 1 SYSTEMPATH\Autoloader\Autoloader.php(311): include_once()
 2 SYSTEMPATH\Autoloader\Autoloader.php(290): CodeIgniter\Autoloader\Autoloader->includeFile('C:\\xampp\\htdocs\\codeigniter4\\app\\Controllers\\Prueba.php')
 3 SYSTEMPATH\Autoloader\Autoloader.php(266): CodeIgniter\Autoloader\Autoloader->loadInNamespace('App\\Controllers\\Prueba')
 4 [internal function]: CodeIgniter\Autoloader\Autoloader->loadClass('App\\Controllers\\Prueba')
 5 SYSTEMPATH\CodeIgniter.php(901): class_exists('\\App\\Controllers\\Prueba', true)
 6 SYSTEMPATH\CodeIgniter.php(490): CodeIgniter\CodeIgniter->startController()
 7 SYSTEMPATH\CodeIgniter.php(361): CodeIgniter\CodeIgniter->handleRequest(null, Object(Config\Cache), false)
 8 FCPATH\index.php(79): CodeIgniter\CodeIgniter->run()
CRITICAL - 2024-04-20 22:59:13 --> Error: Class "App\Models\BaseController" not found
in APPPATH\Controllers\Prueba.php on line 7.
 1 SYSTEMPATH\Autoloader\Autoloader.php(311): include_once()
 2 SYSTEMPATH\Autoloader\Autoloader.php(290): CodeIgniter\Autoloader\Autoloader->includeFile('C:\\xampp\\htdocs\\codeigniter4\\app\\Controllers\\Prueba.php')
 3 SYSTEMPATH\Autoloader\Autoloader.php(266): CodeIgniter\Autoloader\Autoloader->loadInNamespace('App\\Controllers\\Prueba')
 4 [internal function]: CodeIgniter\Autoloader\Autoloader->loadClass('App\\Controllers\\Prueba')
 5 SYSTEMPATH\CodeIgniter.php(901): class_exists('\\App\\Controllers\\Prueba', true)
 6 SYSTEMPATH\CodeIgniter.php(490): CodeIgniter\CodeIgniter->startController()
 7 SYSTEMPATH\CodeIgniter.php(361): CodeIgniter\CodeIgniter->handleRequest(null, Object(Config\Cache), false)
 8 FCPATH\index.php(79): CodeIgniter\CodeIgniter->run()
CRITICAL - 2024-04-20 22:59:14 --> Error: Class "App\Models\BaseController" not found
in APPPATH\Controllers\Prueba.php on line 7.
 1 SYSTEMPATH\Autoloader\Autoloader.php(311): include_once()
 2 SYSTEMPATH\Autoloader\Autoloader.php(290): CodeIgniter\Autoloader\Autoloader->includeFile('C:\\xampp\\htdocs\\codeigniter4\\app\\Controllers\\Prueba.php')
 3 SYSTEMPATH\Autoloader\Autoloader.php(266): CodeIgniter\Autoloader\Autoloader->loadInNamespace('App\\Controllers\\Prueba')
 4 [internal function]: CodeIgniter\Autoloader\Autoloader->loadClass('App\\Controllers\\Prueba')
 5 SYSTEMPATH\CodeIgniter.php(901): class_exists('\\App\\Controllers\\Prueba', true)
 6 SYSTEMPATH\CodeIgniter.php(490): CodeIgniter\CodeIgniter->startController()
 7 SYSTEMPATH\CodeIgniter.php(361): CodeIgniter\CodeIgniter->handleRequest(null, Object(Config\Cache), false)
 8 FCPATH\index.php(79): CodeIgniter\CodeIgniter->run()
CRITICAL - 2024-04-20 23:00:26 --> Error: Class "App\Models\BaseController" not found
in APPPATH\Controllers\Prueba.php on line 7.
 1 SYSTEMPATH\Autoloader\Autoloader.php(311): include_once()
 2 SYSTEMPATH\Autoloader\Autoloader.php(290): CodeIgniter\Autoloader\Autoloader->includeFile('C:\\xampp\\htdocs\\codeigniter4\\app\\Controllers\\Prueba.php')
 3 SYSTEMPATH\Autoloader\Autoloader.php(266): CodeIgniter\Autoloader\Autoloader->loadInNamespace('App\\Controllers\\Prueba')
 4 [internal function]: CodeIgniter\Autoloader\Autoloader->loadClass('App\\Controllers\\Prueba')
 5 SYSTEMPATH\CodeIgniter.php(901): class_exists('\\App\\Controllers\\Prueba', true)
 6 SYSTEMPATH\CodeIgniter.php(490): CodeIgniter\CodeIgniter->startController()
 7 SYSTEMPATH\CodeIgniter.php(361): CodeIgniter\CodeIgniter->handleRequest(null, Object(Config\Cache), false)
 8 FCPATH\index.php(79): CodeIgniter\CodeIgniter->run()
CRITICAL - 2024-04-20 23:00:28 --> Error: Class "App\Models\BaseController" not found
in APPPATH\Controllers\Prueba.php on line 7.
 1 SYSTEMPATH\Autoloader\Autoloader.php(311): include_once()
 2 SYSTEMPATH\Autoloader\Autoloader.php(290): CodeIgniter\Autoloader\Autoloader->includeFile('C:\\xampp\\htdocs\\codeigniter4\\app\\Controllers\\Prueba.php')
 3 SYSTEMPATH\Autoloader\Autoloader.php(266): CodeIgniter\Autoloader\Autoloader->loadInNamespace('App\\Controllers\\Prueba')
 4 [internal function]: CodeIgniter\Autoloader\Autoloader->loadClass('App\\Controllers\\Prueba')
 5 SYSTEMPATH\CodeIgniter.php(901): class_exists('\\App\\Controllers\\Prueba', true)
 6 SYSTEMPATH\CodeIgniter.php(490): CodeIgniter\CodeIgniter->startController()
 7 SYSTEMPATH\CodeIgniter.php(361): CodeIgniter\CodeIgniter->handleRequest(null, Object(Config\Cache), false)
 8 FCPATH\index.php(79): CodeIgniter\CodeIgniter->run()
CRITICAL - 2024-04-20 23:00:29 --> Error: Class "App\Models\BaseController" not found
in APPPATH\Controllers\Prueba.php on line 7.
 1 SYSTEMPATH\Autoloader\Autoloader.php(311): include_once()
 2 SYSTEMPATH\Autoloader\Autoloader.php(290): CodeIgniter\Autoloader\Autoloader->includeFile('C:\\xampp\\htdocs\\codeigniter4\\app\\Controllers\\Prueba.php')
 3 SYSTEMPATH\Autoloader\Autoloader.php(266): CodeIgniter\Autoloader\Autoloader->loadInNamespace('App\\Controllers\\Prueba')
 4 [internal function]: CodeIgniter\Autoloader\Autoloader->loadClass('App\\Controllers\\Prueba')
 5 SYSTEMPATH\CodeIgniter.php(901): class_exists('\\App\\Controllers\\Prueba', true)
 6 SYSTEMPATH\CodeIgniter.php(490): CodeIgniter\CodeIgniter->startController()
 7 SYSTEMPATH\CodeIgniter.php(361): CodeIgniter\CodeIgniter->handleRequest(null, Object(Config\Cache), false)
 8 FCPATH\index.php(79): CodeIgniter\CodeIgniter->run()
CRITICAL - 2024-04-20 23:00:29 --> Error: Class "App\Models\BaseController" not found
in APPPATH\Controllers\Prueba.php on line 7.
 1 SYSTEMPATH\Autoloader\Autoloader.php(311): include_once()
 2 SYSTEMPATH\Autoloader\Autoloader.php(290): CodeIgniter\Autoloader\Autoloader->includeFile('C:\\xampp\\htdocs\\codeigniter4\\app\\Controllers\\Prueba.php')
 3 SYSTEMPATH\Autoloader\Autoloader.php(266): CodeIgniter\Autoloader\Autoloader->loadInNamespace('App\\Controllers\\Prueba')
 4 [internal function]: CodeIgniter\Autoloader\Autoloader->loadClass('App\\Controllers\\Prueba')
 5 SYSTEMPATH\CodeIgniter.php(901): class_exists('\\App\\Controllers\\Prueba', true)
 6 SYSTEMPATH\CodeIgniter.php(490): CodeIgniter\CodeIgniter->startController()
 7 SYSTEMPATH\CodeIgniter.php(361): CodeIgniter\CodeIgniter->handleRequest(null, Object(Config\Cache), false)
 8 FCPATH\index.php(79): CodeIgniter\CodeIgniter->run()
CRITICAL - 2024-04-20 23:00:29 --> Error: Class "App\Models\BaseController" not found
in APPPATH\Controllers\Prueba.php on line 7.
 1 SYSTEMPATH\Autoloader\Autoloader.php(311): include_once()
 2 SYSTEMPATH\Autoloader\Autoloader.php(290): CodeIgniter\Autoloader\Autoloader->includeFile('C:\\xampp\\htdocs\\codeigniter4\\app\\Controllers\\Prueba.php')
 3 SYSTEMPATH\Autoloader\Autoloader.php(266): CodeIgniter\Autoloader\Autoloader->loadInNamespace('App\\Controllers\\Prueba')
 4 [internal function]: CodeIgniter\Autoloader\Autoloader->loadClass('App\\Controllers\\Prueba')
 5 SYSTEMPATH\CodeIgniter.php(901): class_exists('\\App\\Controllers\\Prueba', true)
 6 SYSTEMPATH\CodeIgniter.php(490): CodeIgniter\CodeIgniter->startController()
 7 SYSTEMPATH\CodeIgniter.php(361): CodeIgniter\CodeIgniter->handleRequest(null, Object(Config\Cache), false)
 8 FCPATH\index.php(79): CodeIgniter\CodeIgniter->run()
CRITICAL - 2024-04-20 23:00:58 --> Error: Class "App\Models\BaseController" not found
in APPPATH\Controllers\Prueba.php on line 8.
 1 SYSTEMPATH\Autoloader\Autoloader.php(311): include_once()
 2 SYSTEMPATH\Autoloader\Autoloader.php(290): CodeIgniter\Autoloader\Autoloader->includeFile('C:\\xampp\\htdocs\\codeigniter4\\app\\Controllers\\Prueba.php')
 3 SYSTEMPATH\Autoloader\Autoloader.php(266): CodeIgniter\Autoloader\Autoloader->loadInNamespace('App\\Controllers\\Prueba')
 4 [internal function]: CodeIgniter\Autoloader\Autoloader->loadClass('App\\Controllers\\Prueba')
 5 SYSTEMPATH\CodeIgniter.php(901): class_exists('\\App\\Controllers\\Prueba', true)
 6 SYSTEMPATH\CodeIgniter.php(490): CodeIgniter\CodeIgniter->startController()
 7 SYSTEMPATH\CodeIgniter.php(361): CodeIgniter\CodeIgniter->handleRequest(null, Object(Config\Cache), false)
 8 FCPATH\index.php(79): CodeIgniter\CodeIgniter->run()
CRITICAL - 2024-04-20 23:01:39 --> Error: Class "App\Models\BaseController" not found
in APPPATH\Controllers\Prueba.php on line 8.
 1 SYSTEMPATH\Autoloader\Autoloader.php(311): include_once()
 2 SYSTEMPATH\Autoloader\Autoloader.php(290): CodeIgniter\Autoloader\Autoloader->includeFile('C:\\xampp\\htdocs\\codeigniter4\\app\\Controllers\\Prueba.php')
 3 SYSTEMPATH\Autoloader\Autoloader.php(266): CodeIgniter\Autoloader\Autoloader->loadInNamespace('App\\Controllers\\Prueba')
 4 [internal function]: CodeIgniter\Autoloader\Autoloader->loadClass('App\\Controllers\\Prueba')
 5 SYSTEMPATH\CodeIgniter.php(901): class_exists('\\App\\Controllers\\Prueba', true)
 6 SYSTEMPATH\CodeIgniter.php(490): CodeIgniter\CodeIgniter->startController()
 7 SYSTEMPATH\CodeIgniter.php(361): CodeIgniter\CodeIgniter->handleRequest(null, Object(Config\Cache), false)
 8 FCPATH\index.php(79): CodeIgniter\CodeIgniter->run()
CRITICAL - 2024-04-20 23:01:40 --> Error: Class "App\Models\BaseController" not found
in APPPATH\Controllers\Prueba.php on line 8.
 1 SYSTEMPATH\Autoloader\Autoloader.php(311): include_once()
 2 SYSTEMPATH\Autoloader\Autoloader.php(290): CodeIgniter\Autoloader\Autoloader->includeFile('C:\\xampp\\htdocs\\codeigniter4\\app\\Controllers\\Prueba.php')
 3 SYSTEMPATH\Autoloader\Autoloader.php(266): CodeIgniter\Autoloader\Autoloader->loadInNamespace('App\\Controllers\\Prueba')
 4 [internal function]: CodeIgniter\Autoloader\Autoloader->loadClass('App\\Controllers\\Prueba')
 5 SYSTEMPATH\CodeIgniter.php(901): class_exists('\\App\\Controllers\\Prueba', true)
 6 SYSTEMPATH\CodeIgniter.php(490): CodeIgniter\CodeIgniter->startController()
 7 SYSTEMPATH\CodeIgniter.php(361): CodeIgniter\CodeIgniter->handleRequest(null, Object(Config\Cache), false)
 8 FCPATH\index.php(79): CodeIgniter\CodeIgniter->run()
CRITICAL - 2024-04-20 23:01:40 --> Error: Class "App\Models\BaseController" not found
in APPPATH\Controllers\Prueba.php on line 8.
 1 SYSTEMPATH\Autoloader\Autoloader.php(311): include_once()
 2 SYSTEMPATH\Autoloader\Autoloader.php(290): CodeIgniter\Autoloader\Autoloader->includeFile('C:\\xampp\\htdocs\\codeigniter4\\app\\Controllers\\Prueba.php')
 3 SYSTEMPATH\Autoloader\Autoloader.php(266): CodeIgniter\Autoloader\Autoloader->loadInNamespace('App\\Controllers\\Prueba')
 4 [internal function]: CodeIgniter\Autoloader\Autoloader->loadClass('App\\Controllers\\Prueba')
 5 SYSTEMPATH\CodeIgniter.php(901): class_exists('\\App\\Controllers\\Prueba', true)
 6 SYSTEMPATH\CodeIgniter.php(490): CodeIgniter\CodeIgniter->startController()
 7 SYSTEMPATH\CodeIgniter.php(361): CodeIgniter\CodeIgniter->handleRequest(null, Object(Config\Cache), false)
 8 FCPATH\index.php(79): CodeIgniter\CodeIgniter->run()
CRITICAL - 2024-04-20 23:09:53 --> Error: Class "App\Models\BaseController" not found
in APPPATH\Controllers\prueba.php on line 8.
 1 SYSTEMPATH\Autoloader\Autoloader.php(311): include_once()
 2 SYSTEMPATH\Autoloader\Autoloader.php(290): CodeIgniter\Autoloader\Autoloader->includeFile('C:\\xampp\\htdocs\\codeigniter4\\app\\Controllers\\Prueba.php')
 3 SYSTEMPATH\Autoloader\Autoloader.php(266): CodeIgniter\Autoloader\Autoloader->loadInNamespace('App\\Controllers\\Prueba')
 4 [internal function]: CodeIgniter\Autoloader\Autoloader->loadClass('App\\Controllers\\Prueba')
 5 SYSTEMPATH\CodeIgniter.php(901): class_exists('\\App\\Controllers\\Prueba', true)
 6 SYSTEMPATH\CodeIgniter.php(490): CodeIgniter\CodeIgniter->startController()
 7 SYSTEMPATH\CodeIgniter.php(361): CodeIgniter\CodeIgniter->handleRequest(null, Object(Config\Cache), false)
 8 FCPATH\index.php(79): CodeIgniter\CodeIgniter->run()
CRITICAL - 2024-04-20 23:09:54 --> Error: Class "App\Models\BaseController" not found
in APPPATH\Controllers\prueba.php on line 8.
 1 SYSTEMPATH\Autoloader\Autoloader.php(311): include_once()
 2 SYSTEMPATH\Autoloader\Autoloader.php(290): CodeIgniter\Autoloader\Autoloader->includeFile('C:\\xampp\\htdocs\\codeigniter4\\app\\Controllers\\Prueba.php')
 3 SYSTEMPATH\Autoloader\Autoloader.php(266): CodeIgniter\Autoloader\Autoloader->loadInNamespace('App\\Controllers\\Prueba')
 4 [internal function]: CodeIgniter\Autoloader\Autoloader->loadClass('App\\Controllers\\Prueba')
 5 SYSTEMPATH\CodeIgniter.php(901): class_exists('\\App\\Controllers\\Prueba', true)
 6 SYSTEMPATH\CodeIgniter.php(490): CodeIgniter\CodeIgniter->startController()
 7 SYSTEMPATH\CodeIgniter.php(361): CodeIgniter\CodeIgniter->handleRequest(null, Object(Config\Cache), false)
 8 FCPATH\index.php(79): CodeIgniter\CodeIgniter->run()
CRITICAL - 2024-04-20 23:09:54 --> Error: Class "App\Models\BaseController" not found
in APPPATH\Controllers\prueba.php on line 8.
 1 SYSTEMPATH\Autoloader\Autoloader.php(311): include_once()
 2 SYSTEMPATH\Autoloader\Autoloader.php(290): CodeIgniter\Autoloader\Autoloader->includeFile('C:\\xampp\\htdocs\\codeigniter4\\app\\Controllers\\Prueba.php')
 3 SYSTEMPATH\Autoloader\Autoloader.php(266): CodeIgniter\Autoloader\Autoloader->loadInNamespace('App\\Controllers\\Prueba')
 4 [internal function]: CodeIgniter\Autoloader\Autoloader->loadClass('App\\Controllers\\Prueba')
 5 SYSTEMPATH\CodeIgniter.php(901): class_exists('\\App\\Controllers\\Prueba', true)
 6 SYSTEMPATH\CodeIgniter.php(490): CodeIgniter\CodeIgniter->startController()
 7 SYSTEMPATH\CodeIgniter.php(361): CodeIgniter\CodeIgniter->handleRequest(null, Object(Config\Cache), false)
 8 FCPATH\index.php(79): CodeIgniter\CodeIgniter->run()
CRITICAL - 2024-04-20 23:09:54 --> Error: Class "App\Models\BaseController" not found
in APPPATH\Controllers\prueba.php on line 8.
 1 SYSTEMPATH\Autoloader\Autoloader.php(311): include_once()
 2 SYSTEMPATH\Autoloader\Autoloader.php(290): CodeIgniter\Autoloader\Autoloader->includeFile('C:\\xampp\\htdocs\\codeigniter4\\app\\Controllers\\Prueba.php')
 3 SYSTEMPATH\Autoloader\Autoloader.php(266): CodeIgniter\Autoloader\Autoloader->loadInNamespace('App\\Controllers\\Prueba')
 4 [internal function]: CodeIgniter\Autoloader\Autoloader->loadClass('App\\Controllers\\Prueba')
 5 SYSTEMPATH\CodeIgniter.php(901): class_exists('\\App\\Controllers\\Prueba', true)
 6 SYSTEMPATH\CodeIgniter.php(490): CodeIgniter\CodeIgniter->startController()
 7 SYSTEMPATH\CodeIgniter.php(361): CodeIgniter\CodeIgniter->handleRequest(null, Object(Config\Cache), false)
 8 FCPATH\index.php(79): CodeIgniter\CodeIgniter->run()
CRITICAL - 2024-04-20 23:09:55 --> Error: Class "App\Models\BaseController" not found
in APPPATH\Controllers\prueba.php on line 8.
 1 SYSTEMPATH\Autoloader\Autoloader.php(311): include_once()
 2 SYSTEMPATH\Autoloader\Autoloader.php(290): CodeIgniter\Autoloader\Autoloader->includeFile('C:\\xampp\\htdocs\\codeigniter4\\app\\Controllers\\Prueba.php')
 3 SYSTEMPATH\Autoloader\Autoloader.php(266): CodeIgniter\Autoloader\Autoloader->loadInNamespace('App\\Controllers\\Prueba')
 4 [internal function]: CodeIgniter\Autoloader\Autoloader->loadClass('App\\Controllers\\Prueba')
 5 SYSTEMPATH\CodeIgniter.php(901): class_exists('\\App\\Controllers\\Prueba', true)
 6 SYSTEMPATH\CodeIgniter.php(490): CodeIgniter\CodeIgniter->startController()
 7 SYSTEMPATH\CodeIgniter.php(361): CodeIgniter\CodeIgniter->handleRequest(null, Object(Config\Cache), false)
 8 FCPATH\index.php(79): CodeIgniter\CodeIgniter->run()
CRITICAL - 2024-04-20 23:09:55 --> Error: Class "App\Models\BaseController" not found
in APPPATH\Controllers\prueba.php on line 8.
 1 SYSTEMPATH\Autoloader\Autoloader.php(311): include_once()
 2 SYSTEMPATH\Autoloader\Autoloader.php(290): CodeIgniter\Autoloader\Autoloader->includeFile('C:\\xampp\\htdocs\\codeigniter4\\app\\Controllers\\Prueba.php')
 3 SYSTEMPATH\Autoloader\Autoloader.php(266): CodeIgniter\Autoloader\Autoloader->loadInNamespace('App\\Controllers\\Prueba')
 4 [internal function]: CodeIgniter\Autoloader\Autoloader->loadClass('App\\Controllers\\Prueba')
 5 SYSTEMPATH\CodeIgniter.php(901): class_exists('\\App\\Controllers\\Prueba', true)
 6 SYSTEMPATH\CodeIgniter.php(490): CodeIgniter\CodeIgniter->startController()
 7 SYSTEMPATH\CodeIgniter.php(361): CodeIgniter\CodeIgniter->handleRequest(null, Object(Config\Cache), false)
 8 FCPATH\index.php(79): CodeIgniter\CodeIgniter->run()
CRITICAL - 2024-04-20 23:11:04 --> BadMethodCallException: Call to undefined method App\Models\Nuevomodelo::getNews
in SYSTEMPATH\Model.php on line 879.
 1 APPPATH\Controllers\Noticia.php(13): CodeIgniter\Model->__call('getNews', [])
 2 SYSTEMPATH\CodeIgniter.php(943): App\Controllers\Noticia->index()
 3 SYSTEMPATH\CodeIgniter.php(503): CodeIgniter\CodeIgniter->runController(Object(App\Controllers\Noticia))
 4 SYSTEMPATH\CodeIgniter.php(361): CodeIgniter\CodeIgniter->handleRequest(null, Object(Config\Cache), false)
 5 FCPATH\index.php(79): CodeIgniter\CodeIgniter->run()
CRITICAL - 2024-04-20 23:15:30 --> BadMethodCallException: Call to undefined method App\Models\Nuevomodelo::getNews
in SYSTEMPATH\Model.php on line 879.
 1 APPPATH\Controllers\Noticia.php(13): CodeIgniter\Model->__call('getNews', [])
 2 SYSTEMPATH\CodeIgniter.php(943): App\Controllers\Noticia->index()
 3 SYSTEMPATH\CodeIgniter.php(503): CodeIgniter\CodeIgniter->runController(Object(App\Controllers\Noticia))
 4 SYSTEMPATH\CodeIgniter.php(361): CodeIgniter\CodeIgniter->handleRequest(null, Object(Config\Cache), false)
 5 FCPATH\index.php(79): CodeIgniter\CodeIgniter->run()
CRITICAL - 2024-04-20 23:15:31 --> BadMethodCallException: Call to undefined method App\Models\Nuevomodelo::getNews
in SYSTEMPATH\Model.php on line 879.
 1 APPPATH\Controllers\Noticia.php(13): CodeIgniter\Model->__call('getNews', [])
 2 SYSTEMPATH\CodeIgniter.php(943): App\Controllers\Noticia->index()
 3 SYSTEMPATH\CodeIgniter.php(503): CodeIgniter\CodeIgniter->runController(Object(App\Controllers\Noticia))
 4 SYSTEMPATH\CodeIgniter.php(361): CodeIgniter\CodeIgniter->handleRequest(null, Object(Config\Cache), false)
 5 FCPATH\index.php(79): CodeIgniter\CodeIgniter->run()
CRITICAL - 2024-04-20 23:15:31 --> BadMethodCallException: Call to undefined method App\Models\Nuevomodelo::getNews
in SYSTEMPATH\Model.php on line 879.
 1 APPPATH\Controllers\Noticia.php(13): CodeIgniter\Model->__call('getNews', [])
 2 SYSTEMPATH\CodeIgniter.php(943): App\Controllers\Noticia->index()
 3 SYSTEMPATH\CodeIgniter.php(503): CodeIgniter\CodeIgniter->runController(Object(App\Controllers\Noticia))
 4 SYSTEMPATH\CodeIgniter.php(361): CodeIgniter\CodeIgniter->handleRequest(null, Object(Config\Cache), false)
 5 FCPATH\index.php(79): CodeIgniter\CodeIgniter->run()
CRITICAL - 2024-04-20 23:15:31 --> BadMethodCallException: Call to undefined method App\Models\Nuevomodelo::getNews
in SYSTEMPATH\Model.php on line 879.
 1 APPPATH\Controllers\Noticia.php(13): CodeIgniter\Model->__call('getNews', [])
 2 SYSTEMPATH\CodeIgniter.php(943): App\Controllers\Noticia->index()
 3 SYSTEMPATH\CodeIgniter.php(503): CodeIgniter\CodeIgniter->runController(Object(App\Controllers\Noticia))
 4 SYSTEMPATH\CodeIgniter.php(361): CodeIgniter\CodeIgniter->handleRequest(null, Object(Config\Cache), false)
 5 FCPATH\index.php(79): CodeIgniter\CodeIgniter->run()
CRITICAL - 2024-04-20 23:15:31 --> BadMethodCallException: Call to undefined method App\Models\Nuevomodelo::getNews
in SYSTEMPATH\Model.php on line 879.
 1 APPPATH\Controllers\Noticia.php(13): CodeIgniter\Model->__call('getNews', [])
 2 SYSTEMPATH\CodeIgniter.php(943): App\Controllers\Noticia->index()
 3 SYSTEMPATH\CodeIgniter.php(503): CodeIgniter\CodeIgniter->runController(Object(App\Controllers\Noticia))
 4 SYSTEMPATH\CodeIgniter.php(361): CodeIgniter\CodeIgniter->handleRequest(null, Object(Config\Cache), false)
 5 FCPATH\index.php(79): CodeIgniter\CodeIgniter->run()
CRITICAL - 2024-04-20 23:15:35 --> BadMethodCallException: Call to undefined method App\Models\Nuevomodelo::getNews
in SYSTEMPATH\Model.php on line 879.
 1 APPPATH\Controllers\Noticia.php(13): CodeIgniter\Model->__call('getNews', [])
 2 SYSTEMPATH\CodeIgniter.php(943): App\Controllers\Noticia->index()
 3 SYSTEMPATH\CodeIgniter.php(503): CodeIgniter\CodeIgniter->runController(Object(App\Controllers\Noticia))
 4 SYSTEMPATH\CodeIgniter.php(361): CodeIgniter\CodeIgniter->handleRequest(null, Object(Config\Cache), false)
 5 FCPATH\index.php(79): CodeIgniter\CodeIgniter->run()
CRITICAL - 2024-04-20 23:16:01 --> BadMethodCallException: Call to undefined method App\Models\Nuevomodelo::getNews
in SYSTEMPATH\Model.php on line 879.
 1 APPPATH\Controllers\Noticia.php(13): CodeIgniter\Model->__call('getNews', [])
 2 SYSTEMPATH\CodeIgniter.php(943): App\Controllers\Noticia->index()
 3 SYSTEMPATH\CodeIgniter.php(503): CodeIgniter\CodeIgniter->runController(Object(App\Controllers\Noticia))
 4 SYSTEMPATH\CodeIgniter.php(361): CodeIgniter\CodeIgniter->handleRequest(null, Object(Config\Cache), false)
 5 FCPATH\index.php(79): CodeIgniter\CodeIgniter->run()
CRITICAL - 2024-04-20 23:16:03 --> BadMethodCallException: Call to undefined method App\Models\Nuevomodelo::getNews
in SYSTEMPATH\Model.php on line 879.
 1 APPPATH\Controllers\Noticia.php(13): CodeIgniter\Model->__call('getNews', [])
 2 SYSTEMPATH\CodeIgniter.php(943): App\Controllers\Noticia->index()
 3 SYSTEMPATH\CodeIgniter.php(503): CodeIgniter\CodeIgniter->runController(Object(App\Controllers\Noticia))
 4 SYSTEMPATH\CodeIgniter.php(361): CodeIgniter\CodeIgniter->handleRequest(null, Object(Config\Cache), false)
 5 FCPATH\index.php(79): CodeIgniter\CodeIgniter->run()
CRITICAL - 2024-04-20 23:17:26 --> BadMethodCallException: Call to undefined method App\Models\Nuevomodelo::getNews
in SYSTEMPATH\Model.php on line 879.
 1 APPPATH\Controllers\Noticia.php(13): CodeIgniter\Model->__call('getNews', [])
 2 SYSTEMPATH\CodeIgniter.php(943): App\Controllers\Noticia->index()
 3 SYSTEMPATH\CodeIgniter.php(503): CodeIgniter\CodeIgniter->runController(Object(App\Controllers\Noticia))
 4 SYSTEMPATH\CodeIgniter.php(361): CodeIgniter\CodeIgniter->handleRequest(null, Object(Config\Cache), false)
 5 FCPATH\index.php(79): CodeIgniter\CodeIgniter->run()
CRITICAL - 2024-04-20 23:32:12 --> CodeIgniter\View\Exceptions\ViewException: Invalid file: "templates/header.php"
in SYSTEMPATH\Exceptions\FrameworkException.php on line 39.
 1 SYSTEMPATH\View\View.php(216): CodeIgniter\Exceptions\FrameworkException::forInvalidFile('templates/header.php')
 2 SYSTEMPATH\Common.php(1178): CodeIgniter\View\View->render('templates/header', [], true)
 3 APPPATH\Controllers\Noticia.php(14): view('templates/header', [...])
 4 SYSTEMPATH\CodeIgniter.php(943): App\Controllers\Noticia->index()
 5 SYSTEMPATH\CodeIgniter.php(503): CodeIgniter\CodeIgniter->runController(Object(App\Controllers\Noticia))
 6 SYSTEMPATH\CodeIgniter.php(361): CodeIgniter\CodeIgniter->handleRequest(null, Object(Config\Cache), false)
 7 FCPATH\index.php(79): CodeIgniter\CodeIgniter->run()
CRITICAL - 2024-04-20 23:33:16 --> CodeIgniter\View\Exceptions\ViewException: Invalid file: "news/index.php"
in SYSTEMPATH\Exceptions\FrameworkException.php on line 39.
 1 SYSTEMPATH\View\View.php(216): CodeIgniter\Exceptions\FrameworkException::forInvalidFile('news/index.php')
 2 SYSTEMPATH\Common.php(1178): CodeIgniter\View\View->render('news/index', [], true)
 3 APPPATH\Controllers\Noticia.php(14): view('news/index')
 4 SYSTEMPATH\CodeIgniter.php(943): App\Controllers\Noticia->index()
 5 SYSTEMPATH\CodeIgniter.php(503): CodeIgniter\CodeIgniter->runController(Object(App\Controllers\Noticia))
 6 SYSTEMPATH\CodeIgniter.php(361): CodeIgniter\CodeIgniter->handleRequest(null, Object(Config\Cache), false)
 7 FCPATH\index.php(79): CodeIgniter\CodeIgniter->run()
CRITICAL - 2024-04-20 23:33:17 --> CodeIgniter\View\Exceptions\ViewException: Invalid file: "news/index.php"
in SYSTEMPATH\Exceptions\FrameworkException.php on line 39.
 1 SYSTEMPATH\View\View.php(216): CodeIgniter\Exceptions\FrameworkException::forInvalidFile('news/index.php')
 2 SYSTEMPATH\Common.php(1178): CodeIgniter\View\View->render('news/index', [], true)
 3 APPPATH\Controllers\Noticia.php(14): view('news/index')
 4 SYSTEMPATH\CodeIgniter.php(943): App\Controllers\Noticia->index()
 5 SYSTEMPATH\CodeIgniter.php(503): CodeIgniter\CodeIgniter->runController(Object(App\Controllers\Noticia))
 6 SYSTEMPATH\CodeIgniter.php(361): CodeIgniter\CodeIgniter->handleRequest(null, Object(Config\Cache), false)
 7 FCPATH\index.php(79): CodeIgniter\CodeIgniter->run()
CRITICAL - 2024-04-20 23:33:18 --> CodeIgniter\View\Exceptions\ViewException: Invalid file: "news/index.php"
in SYSTEMPATH\Exceptions\FrameworkException.php on line 39.
 1 SYSTEMPATH\View\View.php(216): CodeIgniter\Exceptions\FrameworkException::forInvalidFile('news/index.php')
 2 SYSTEMPATH\Common.php(1178): CodeIgniter\View\View->render('news/index', [], true)
 3 APPPATH\Controllers\Noticia.php(14): view('news/index')
 4 SYSTEMPATH\CodeIgniter.php(943): App\Controllers\Noticia->index()
 5 SYSTEMPATH\CodeIgniter.php(503): CodeIgniter\CodeIgniter->runController(Object(App\Controllers\Noticia))
 6 SYSTEMPATH\CodeIgniter.php(361): CodeIgniter\CodeIgniter->handleRequest(null, Object(Config\Cache), false)
 7 FCPATH\index.php(79): CodeIgniter\CodeIgniter->run()
CRITICAL - 2024-04-20 23:33:18 --> CodeIgniter\View\Exceptions\ViewException: Invalid file: "news/index.php"
in SYSTEMPATH\Exceptions\FrameworkException.php on line 39.
 1 SYSTEMPATH\View\View.php(216): CodeIgniter\Exceptions\FrameworkException::forInvalidFile('news/index.php')
 2 SYSTEMPATH\Common.php(1178): CodeIgniter\View\View->render('news/index', [], true)
 3 APPPATH\Controllers\Noticia.php(14): view('news/index')
 4 SYSTEMPATH\CodeIgniter.php(943): App\Controllers\Noticia->index()
 5 SYSTEMPATH\CodeIgniter.php(503): CodeIgniter\CodeIgniter->runController(Object(App\Controllers\Noticia))
 6 SYSTEMPATH\CodeIgniter.php(361): CodeIgniter\CodeIgniter->handleRequest(null, Object(Config\Cache), false)
 7 FCPATH\index.php(79): CodeIgniter\CodeIgniter->run()
CRITICAL - 2024-04-20 23:33:33 --> CodeIgniter\View\Exceptions\ViewException: Invalid file: "Noticia/index.php"
in SYSTEMPATH\Exceptions\FrameworkException.php on line 39.
 1 SYSTEMPATH\View\View.php(216): CodeIgniter\Exceptions\FrameworkException::forInvalidFile('Noticia/index.php')
 2 SYSTEMPATH\Common.php(1178): CodeIgniter\View\View->render('Noticia/index', [], true)
 3 APPPATH\Controllers\Noticia.php(14): view('Noticia/index')
 4 SYSTEMPATH\CodeIgniter.php(943): App\Controllers\Noticia->index()
 5 SYSTEMPATH\CodeIgniter.php(503): CodeIgniter\CodeIgniter->runController(Object(App\Controllers\Noticia))
 6 SYSTEMPATH\CodeIgniter.php(361): CodeIgniter\CodeIgniter->handleRequest(null, Object(Config\Cache), false)
 7 FCPATH\index.php(79): CodeIgniter\CodeIgniter->run()
CRITICAL - 2024-04-20 23:33:34 --> CodeIgniter\View\Exceptions\ViewException: Invalid file: "Noticia/index.php"
in SYSTEMPATH\Exceptions\FrameworkException.php on line 39.
 1 SYSTEMPATH\View\View.php(216): CodeIgniter\Exceptions\FrameworkException::forInvalidFile('Noticia/index.php')
 2 SYSTEMPATH\Common.php(1178): CodeIgniter\View\View->render('Noticia/index', [], true)
 3 APPPATH\Controllers\Noticia.php(14): view('Noticia/index')
 4 SYSTEMPATH\CodeIgniter.php(943): App\Controllers\Noticia->index()
 5 SYSTEMPATH\CodeIgniter.php(503): CodeIgniter\CodeIgniter->runController(Object(App\Controllers\Noticia))
 6 SYSTEMPATH\CodeIgniter.php(361): CodeIgniter\CodeIgniter->handleRequest(null, Object(Config\Cache), false)
 7 FCPATH\index.php(79): CodeIgniter\CodeIgniter->run()
CRITICAL - 2024-04-20 23:33:34 --> CodeIgniter\View\Exceptions\ViewException: Invalid file: "Noticia/index.php"
in SYSTEMPATH\Exceptions\FrameworkException.php on line 39.
 1 SYSTEMPATH\View\View.php(216): CodeIgniter\Exceptions\FrameworkException::forInvalidFile('Noticia/index.php')
 2 SYSTEMPATH\Common.php(1178): CodeIgniter\View\View->render('Noticia/index', [], true)
 3 APPPATH\Controllers\Noticia.php(14): view('Noticia/index')
 4 SYSTEMPATH\CodeIgniter.php(943): App\Controllers\Noticia->index()
 5 SYSTEMPATH\CodeIgniter.php(503): CodeIgniter\CodeIgniter->runController(Object(App\Controllers\Noticia))
 6 SYSTEMPATH\CodeIgniter.php(361): CodeIgniter\CodeIgniter->handleRequest(null, Object(Config\Cache), false)
 7 FCPATH\index.php(79): CodeIgniter\CodeIgniter->run()
CRITICAL - 2024-04-20 23:34:28 --> ErrorException: Undefined variable $ky
in APPPATH\Views\vista.php on line 6.
 1 APPPATH\Views\vista.php(6): CodeIgniter\Debug\Exceptions->errorHandler(2, 'Undefined variable $ky', 'C:\\xampp\\htdocs\\codeigniter4\\app\\Views\\vista.php', 6)
 2 SYSTEMPATH\View\View.php(228): include('C:\\xampp\\htdocs\\codeigniter4\\app\\Views\\vista.php')
 3 SYSTEMPATH\View\View.php(231): CodeIgniter\View\View->CodeIgniter\View\{closure}()
 4 SYSTEMPATH\Common.php(1178): CodeIgniter\View\View->render('vista', [], true)
 5 APPPATH\Controllers\Noticia.php(14): view('vista')
 6 SYSTEMPATH\CodeIgniter.php(943): App\Controllers\Noticia->index()
 7 SYSTEMPATH\CodeIgniter.php(503): CodeIgniter\CodeIgniter->runController(Object(App\Controllers\Noticia))
 8 SYSTEMPATH\CodeIgniter.php(361): CodeIgniter\CodeIgniter->handleRequest(null, Object(Config\Cache), false)
 9 FCPATH\index.php(79): CodeIgniter\CodeIgniter->run()
CRITICAL - 2024-04-20 23:35:00 --> ErrorException: Undefined array key "titulo"
in APPPATH\Controllers\Noticia.php on line 14.
 1 APPPATH\Controllers\Noticia.php(14): CodeIgniter\Debug\Exceptions->errorHandler(2, 'Undefined array key "titulo"', 'C:\\xampp\\htdocs\\codeigniter4\\app\\Controllers\\Noticia.php', 14)
 2 SYSTEMPATH\CodeIgniter.php(943): App\Controllers\Noticia->index()
 3 SYSTEMPATH\CodeIgniter.php(503): CodeIgniter\CodeIgniter->runController(Object(App\Controllers\Noticia))
 4 SYSTEMPATH\CodeIgniter.php(361): CodeIgniter\CodeIgniter->handleRequest(null, Object(Config\Cache), false)
 5 FCPATH\index.php(79): CodeIgniter\CodeIgniter->run()
CRITICAL - 2024-04-20 23:35:33 --> ErrorException: Undefined variable $ky
in APPPATH\Views\vista.php on line 6.
 1 APPPATH\Views\vista.php(6): CodeIgniter\Debug\Exceptions->errorHandler(2, 'Undefined variable $ky', 'C:\\xampp\\htdocs\\codeigniter4\\app\\Views\\vista.php', 6)
 2 SYSTEMPATH\View\View.php(228): include('C:\\xampp\\htdocs\\codeigniter4\\app\\Views\\vista.php')
 3 SYSTEMPATH\View\View.php(231): CodeIgniter\View\View->CodeIgniter\View\{closure}()
 4 SYSTEMPATH\Common.php(1178): CodeIgniter\View\View->render('vista', [], true)
 5 APPPATH\Controllers\Noticia.php(14): view('vista', [...])
 6 SYSTEMPATH\CodeIgniter.php(943): App\Controllers\Noticia->index()
 7 SYSTEMPATH\CodeIgniter.php(503): CodeIgniter\CodeIgniter->runController(Object(App\Controllers\Noticia))
 8 SYSTEMPATH\CodeIgniter.php(361): CodeIgniter\CodeIgniter->handleRequest(null, Object(Config\Cache), false)
 9 FCPATH\index.php(79): CodeIgniter\CodeIgniter->run()
CRITICAL - 2024-04-20 23:36:30 --> ErrorException: Undefined variable $noticia
in APPPATH\Views\vista.php on line 6.
 1 APPPATH\Views\vista.php(6): CodeIgniter\Debug\Exceptions->errorHandler(2, 'Undefined variable $noticia', 'C:\\xampp\\htdocs\\codeigniter4\\app\\Views\\vista.php', 6)
 2 SYSTEMPATH\View\View.php(228): include('C:\\xampp\\htdocs\\codeigniter4\\app\\Views\\vista.php')
 3 SYSTEMPATH\View\View.php(231): CodeIgniter\View\View->CodeIgniter\View\{closure}()
 4 SYSTEMPATH\Common.php(1178): CodeIgniter\View\View->render('vista', [], true)
 5 APPPATH\Controllers\Noticia.php(14): view('vista', [...])
 6 SYSTEMPATH\CodeIgniter.php(943): App\Controllers\Noticia->index()
 7 SYSTEMPATH\CodeIgniter.php(503): CodeIgniter\CodeIgniter->runController(Object(App\Controllers\Noticia))
 8 SYSTEMPATH\CodeIgniter.php(361): CodeIgniter\CodeIgniter->handleRequest(null, Object(Config\Cache), false)
 9 FCPATH\index.php(79): CodeIgniter\CodeIgniter->run()
CRITICAL - 2024-04-20 23:36:31 --> ErrorException: Undefined variable $noticia
in APPPATH\Views\vista.php on line 6.
 1 APPPATH\Views\vista.php(6): CodeIgniter\Debug\Exceptions->errorHandler(2, 'Undefined variable $noticia', 'C:\\xampp\\htdocs\\codeigniter4\\app\\Views\\vista.php', 6)
 2 SYSTEMPATH\View\View.php(228): include('C:\\xampp\\htdocs\\codeigniter4\\app\\Views\\vista.php')
 3 SYSTEMPATH\View\View.php(231): CodeIgniter\View\View->CodeIgniter\View\{closure}()
 4 SYSTEMPATH\Common.php(1178): CodeIgniter\View\View->render('vista', [], true)
 5 APPPATH\Controllers\Noticia.php(14): view('vista', [...])
 6 SYSTEMPATH\CodeIgniter.php(943): App\Controllers\Noticia->index()
 7 SYSTEMPATH\CodeIgniter.php(503): CodeIgniter\CodeIgniter->runController(Object(App\Controllers\Noticia))
 8 SYSTEMPATH\CodeIgniter.php(361): CodeIgniter\CodeIgniter->handleRequest(null, Object(Config\Cache), false)
 9 FCPATH\index.php(79): CodeIgniter\CodeIgniter->run()
CRITICAL - 2024-04-20 23:36:31 --> ErrorException: Undefined variable $noticia
in APPPATH\Views\vista.php on line 6.
 1 APPPATH\Views\vista.php(6): CodeIgniter\Debug\Exceptions->errorHandler(2, 'Undefined variable $noticia', 'C:\\xampp\\htdocs\\codeigniter4\\app\\Views\\vista.php', 6)
 2 SYSTEMPATH\View\View.php(228): include('C:\\xampp\\htdocs\\codeigniter4\\app\\Views\\vista.php')
 3 SYSTEMPATH\View\View.php(231): CodeIgniter\View\View->CodeIgniter\View\{closure}()
 4 SYSTEMPATH\Common.php(1178): CodeIgniter\View\View->render('vista', [], true)
 5 APPPATH\Controllers\Noticia.php(14): view('vista', [...])
 6 SYSTEMPATH\CodeIgniter.php(943): App\Controllers\Noticia->index()
 7 SYSTEMPATH\CodeIgniter.php(503): CodeIgniter\CodeIgniter->runController(Object(App\Controllers\Noticia))
 8 SYSTEMPATH\CodeIgniter.php(361): CodeIgniter\CodeIgniter->handleRequest(null, Object(Config\Cache), false)
 9 FCPATH\index.php(79): CodeIgniter\CodeIgniter->run()
