CRITICAL - 2024-04-21 07:26:36 --> ErrorException: Undefined variable $data
in APPPATH\Views\noticias.php on line 11.
 1 APPPATH\Views\noticias.php(11): CodeIgniter\Debug\Exceptions->errorHandler(2, 'Undefined variable $data', 'C:\\xampp\\htdocs\\codeigniter4\\app\\Views\\noticias.php', 11)
 2 SYSTEMPATH\View\View.php(228): include('C:\\xampp\\htdocs\\codeigniter4\\app\\Views\\noticias.php')
 3 SYSTEMPATH\View\View.php(231): CodeIgniter\View\View->CodeIgniter\View\{closure}()
 4 SYSTEMPATH\Common.php(1178): CodeIgniter\View\View->render('noticias', [], true)
 5 APPPATH\Controllers\Noticia.php(20): view('noticias', [...])
 6 SYSTEMPATH\CodeIgniter.php(943): App\Controllers\Noticia->index()
 7 SYSTEMPATH\CodeIgniter.php(503): CodeIgniter\CodeIgniter->runController(Object(App\Controllers\Noticia))
 8 SYSTEMPATH\CodeIgniter.php(361): CodeIgniter\CodeIgniter->handleRequest(null, Object(Config\Cache), false)
 9 FCPATH\index.php(79): CodeIgniter\CodeIgniter->run()
CRITICAL - 2024-04-21 07:26:36 --> ErrorException: Undefined variable $data
in APPPATH\Views\noticias.php on line 11.
 1 APPPATH\Views\noticias.php(11): CodeIgniter\Debug\Exceptions->errorHandler(2, 'Undefined variable $data', 'C:\\xampp\\htdocs\\codeigniter4\\app\\Views\\noticias.php', 11)
 2 SYSTEMPATH\View\View.php(228): include('C:\\xampp\\htdocs\\codeigniter4\\app\\Views\\noticias.php')
 3 SYSTEMPATH\View\View.php(231): CodeIgniter\View\View->CodeIgniter\View\{closure}()
 4 SYSTEMPATH\Common.php(1178): CodeIgniter\View\View->render('noticias', [], true)
 5 APPPATH\Controllers\Noticia.php(20): view('noticias', [...])
 6 SYSTEMPATH\CodeIgniter.php(943): App\Controllers\Noticia->index()
 7 SYSTEMPATH\CodeIgniter.php(503): CodeIgniter\CodeIgniter->runController(Object(App\Controllers\Noticia))
 8 SYSTEMPATH\CodeIgniter.php(361): CodeIgniter\CodeIgniter->handleRequest(null, Object(Config\Cache), false)
 9 FCPATH\index.php(79): CodeIgniter\CodeIgniter->run()
CRITICAL - 2024-04-21 14:51:31 --> CodeIgniter\View\Exceptions\ViewException: Invalid file: "plantillas/header.php"
in SYSTEMPATH\Exceptions\FrameworkException.php on line 39.
 1 SYSTEMPATH\View\View.php(216): CodeIgniter\Exceptions\FrameworkException::forInvalidFile('plantillas/header.php')
 2 SYSTEMPATH\Common.php(1178): CodeIgniter\View\View->render('plantillas/header', [], true)
 3 APPPATH\Controllers\Noticia.php(25): view('plantillas/header', [...])
 4 SYSTEMPATH\CodeIgniter.php(943): App\Controllers\Noticia->index()
 5 SYSTEMPATH\CodeIgniter.php(503): CodeIgniter\CodeIgniter->runController(Object(App\Controllers\Noticia))
 6 SYSTEMPATH\CodeIgniter.php(361): CodeIgniter\CodeIgniter->handleRequest(null, Object(Config\Cache), false)
 7 FCPATH\index.php(79): CodeIgniter\CodeIgniter->run()
CRITICAL - 2024-04-21 14:51:31 --> CodeIgniter\View\Exceptions\ViewException: Invalid file: "plantillas/header.php"
in SYSTEMPATH\Exceptions\FrameworkException.php on line 39.
 1 SYSTEMPATH\View\View.php(216): CodeIgniter\Exceptions\FrameworkException::forInvalidFile('plantillas/header.php')
 2 SYSTEMPATH\Common.php(1178): CodeIgniter\View\View->render('plantillas/header', [], true)
 3 APPPATH\Controllers\Noticia.php(25): view('plantillas/header', [...])
 4 SYSTEMPATH\CodeIgniter.php(943): App\Controllers\Noticia->index()
 5 SYSTEMPATH\CodeIgniter.php(503): CodeIgniter\CodeIgniter->runController(Object(App\Controllers\Noticia))
 6 SYSTEMPATH\CodeIgniter.php(361): CodeIgniter\CodeIgniter->handleRequest(null, Object(Config\Cache), false)
 7 FCPATH\index.php(79): CodeIgniter\CodeIgniter->run()
CRITICAL - 2024-04-21 14:52:31 --> ErrorException: Undefined variable $tituloPagina
in APPPATH\Views\plantillas\header.php on line 13.
 1 APPPATH\Views\plantillas\header.php(13): CodeIgniter\Debug\Exceptions->errorHandler(2, 'Undefined variable $tituloPagina', 'C:\\xampp\\htdocs\\codeigniter4\\app\\Views\\plantillas\\header.php', 13)
 2 SYSTEMPATH\View\View.php(228): include('C:\\xampp\\htdocs\\codeigniter4\\app\\Views\\plantillas\\header.php')
 3 SYSTEMPATH\View\View.php(231): CodeIgniter\View\View->CodeIgniter\View\{closure}()
 4 SYSTEMPATH\Common.php(1178): CodeIgniter\View\View->render('plantillas/header', [], true)
 5 APPPATH\Controllers\Noticia.php(25): view('plantillas/header', [...])
 6 SYSTEMPATH\CodeIgniter.php(943): App\Controllers\Noticia->index()
 7 SYSTEMPATH\CodeIgniter.php(503): CodeIgniter\CodeIgniter->runController(Object(App\Controllers\Noticia))
 8 SYSTEMPATH\CodeIgniter.php(361): CodeIgniter\CodeIgniter->handleRequest(null, Object(Config\Cache), false)
 9 FCPATH\index.php(79): CodeIgniter\CodeIgniter->run()
CRITICAL - 2024-04-21 15:04:19 --> ErrorException: Undefined array key "id"
in APPPATH\Views\noticias\index.php on line 18.
 1 APPPATH\Views\noticias\index.php(18): CodeIgniter\Debug\Exceptions->errorHandler(2, 'Undefined array key "id"', 'C:\\xampp\\htdocs\\codeigniter4\\app\\Views\\noticias\\index.php', 18)
 2 SYSTEMPATH\View\View.php(228): include('C:\\xampp\\htdocs\\codeigniter4\\app\\Views\\noticias\\index.php')
 3 SYSTEMPATH\View\View.php(231): CodeIgniter\View\View->CodeIgniter\View\{closure}()
 4 SYSTEMPATH\Common.php(1178): CodeIgniter\View\View->render('noticias/index', [], true)
 5 APPPATH\Controllers\Noticia.php(27): view('noticias/index')
 6 SYSTEMPATH\CodeIgniter.php(943): App\Controllers\Noticia->index()
 7 SYSTEMPATH\CodeIgniter.php(503): CodeIgniter\CodeIgniter->runController(Object(App\Controllers\Noticia))
 8 SYSTEMPATH\CodeIgniter.php(361): CodeIgniter\CodeIgniter->handleRequest(null, Object(Config\Cache), false)
 9 FCPATH\index.php(79): CodeIgniter\CodeIgniter->run()
CRITICAL - 2024-04-21 15:25:14 --> ErrorException: Undefined variable $modelo
in APPPATH\Controllers\Noticia.php on line 38.
 1 APPPATH\Controllers\Noticia.php(38): CodeIgniter\Debug\Exceptions->errorHandler(2, 'Undefined variable $modelo', 'C:\\xampp\\htdocs\\codeigniter4\\app\\Controllers\\Noticia.php', 38)
 2 SYSTEMPATH\CodeIgniter.php(943): App\Controllers\Noticia->detalleNoticia('1')
 3 SYSTEMPATH\CodeIgniter.php(503): CodeIgniter\CodeIgniter->runController(Object(App\Controllers\Noticia))
 4 SYSTEMPATH\CodeIgniter.php(361): CodeIgniter\CodeIgniter->handleRequest(null, Object(Config\Cache), false)
 5 FCPATH\index.php(79): CodeIgniter\CodeIgniter->run()
CRITICAL - 2024-04-21 15:29:26 --> CodeIgniter\View\Exceptions\ViewException: Invalid file: "noticias/mostrarDetalle.php"
in SYSTEMPATH\Exceptions\FrameworkException.php on line 39.
 1 SYSTEMPATH\View\View.php(216): CodeIgniter\Exceptions\FrameworkException::forInvalidFile('noticias/mostrarDetalle.php')
 2 SYSTEMPATH\Common.php(1178): CodeIgniter\View\View->render('noticias/mostrarDetalle', [], true)
 3 APPPATH\Controllers\Noticia.php(45): view('noticias/mostrarDetalle')
 4 SYSTEMPATH\CodeIgniter.php(943): App\Controllers\Noticia->detalleNoticia('1')
 5 SYSTEMPATH\CodeIgniter.php(503): CodeIgniter\CodeIgniter->runController(Object(App\Controllers\Noticia))
 6 SYSTEMPATH\CodeIgniter.php(361): CodeIgniter\CodeIgniter->handleRequest(null, Object(Config\Cache), false)
 7 FCPATH\index.php(79): CodeIgniter\CodeIgniter->run()
CRITICAL - 2024-04-21 15:30:16 --> ErrorException: Undefined variable $noticias
in APPPATH\Views\noticias\detalleNoticia.php on line 2.
 1 APPPATH\Views\noticias\detalleNoticia.php(2): CodeIgniter\Debug\Exceptions->errorHandler(2, 'Undefined variable $noticias', 'C:\\xampp\\htdocs\\codeigniter4\\app\\Views\\noticias\\detalleNoticia.php', 2)
 2 SYSTEMPATH\View\View.php(228): include('C:\\xampp\\htdocs\\codeigniter4\\app\\Views\\noticias\\detalleNoticia.php')
 3 SYSTEMPATH\View\View.php(231): CodeIgniter\View\View->CodeIgniter\View\{closure}()
 4 SYSTEMPATH\Common.php(1178): CodeIgniter\View\View->render('noticias/detalleNoticia', [], true)
 5 APPPATH\Controllers\Noticia.php(45): view('noticias/detalleNoticia')
 6 SYSTEMPATH\CodeIgniter.php(943): App\Controllers\Noticia->detalleNoticia('1')
 7 SYSTEMPATH\CodeIgniter.php(503): CodeIgniter\CodeIgniter->runController(Object(App\Controllers\Noticia))
 8 SYSTEMPATH\CodeIgniter.php(361): CodeIgniter\CodeIgniter->handleRequest(null, Object(Config\Cache), false)
 9 FCPATH\index.php(79): CodeIgniter\CodeIgniter->run()
ERROR - 2024-04-21 18:55:51 --> mysqli_sql_exception: Unknown column 'titulo' in 'field list' in C:\xampp\htdocs\codeigniter4\system\Database\MySQLi\Connection.php:306
Stack trace:
#0 C:\xampp\htdocs\codeigniter4\system\Database\MySQLi\Connection.php(306): mysqli->query('SELECT `id`, `t...', 0)
#1 C:\xampp\htdocs\codeigniter4\system\Database\BaseConnection.php(693): CodeIgniter\Database\MySQLi\Connection->execute('SELECT `id`, `t...')
#2 C:\xampp\htdocs\codeigniter4\system\Database\BaseConnection.php(607): CodeIgniter\Database\BaseConnection->simpleQuery('SELECT `id`, `t...')
#3 C:\xampp\htdocs\codeigniter4\system\Database\BaseBuilder.php(1616): CodeIgniter\Database\BaseConnection->query('SELECT `id`, `t...', Array, false)
#4 C:\xampp\htdocs\codeigniter4\system\Model.php(243): CodeIgniter\Database\BaseBuilder->get()
#5 C:\xampp\htdocs\codeigniter4\system\BaseModel.php(638): CodeIgniter\Model->doFindAll(0, 0)
#6 C:\xampp\htdocs\codeigniter4\app\Models\ModeloNoticia.php(16): CodeIgniter\BaseModel->findAll()
#7 C:\xampp\htdocs\codeigniter4\app\Controllers\Noticia.php(21): App\Models\ModeloNoticia->obtenerNoticias()
#8 C:\xampp\htdocs\codeigniter4\system\CodeIgniter.php(943): App\Controllers\Noticia->index()
#9 C:\xampp\htdocs\codeigniter4\system\CodeIgniter.php(503): CodeIgniter\CodeIgniter->runController(Object(App\Controllers\Noticia))
#10 C:\xampp\htdocs\codeigniter4\system\CodeIgniter.php(361): CodeIgniter\CodeIgniter->handleRequest(NULL, Object(Config\Cache), false)
#11 C:\xampp\htdocs\codeigniter4\public\index.php(79): CodeIgniter\CodeIgniter->run()
#12 {main}
CRITICAL - 2024-04-21 18:55:51 --> CodeIgniter\Database\Exceptions\DatabaseException: Unknown column 'titulo' in 'field list'
in SYSTEMPATH\Database\BaseConnection.php on line 647.
 1 SYSTEMPATH\Database\BaseBuilder.php(1616): CodeIgniter\Database\BaseConnection->query('SELECT `id`, `titulo`, `categoria`, `descripcion`
FROM `noticia`', [], false)
 2 SYSTEMPATH\Model.php(243): CodeIgniter\Database\BaseBuilder->get()
 3 SYSTEMPATH\BaseModel.php(638): CodeIgniter\Model->doFindAll(0, 0)
 4 APPPATH\Models\ModeloNoticia.php(16): CodeIgniter\BaseModel->findAll()
 5 APPPATH\Controllers\Noticia.php(21): App\Models\ModeloNoticia->obtenerNoticias()
 6 SYSTEMPATH\CodeIgniter.php(943): App\Controllers\Noticia->index()
 7 SYSTEMPATH\CodeIgniter.php(503): CodeIgniter\CodeIgniter->runController(Object(App\Controllers\Noticia))
 8 SYSTEMPATH\CodeIgniter.php(361): CodeIgniter\CodeIgniter->handleRequest(null, Object(Config\Cache), false)
 9 FCPATH\index.php(79): CodeIgniter\CodeIgniter->run()
CRITICAL - 2024-04-21 18:55:51 --> [Caused by] CodeIgniter\Database\Exceptions\DatabaseException: Unknown column 'titulo' in 'field list'
in SYSTEMPATH\Database\MySQLi\Connection.php on line 311.
 1 SYSTEMPATH\Database\BaseConnection.php(693): CodeIgniter\Database\MySQLi\Connection->execute('SELECT `id`, `titulo`, `categoria`, `descripcion`
FROM `noticia`')
 2 SYSTEMPATH\Database\BaseConnection.php(607): CodeIgniter\Database\BaseConnection->simpleQuery('SELECT `id`, `titulo`, `categoria`, `descripcion`
FROM `noticia`')
 3 SYSTEMPATH\Database\BaseBuilder.php(1616): CodeIgniter\Database\BaseConnection->query('SELECT `id`, `titulo`, `categoria`, `descripcion`
FROM `noticia`', [], false)
 4 SYSTEMPATH\Model.php(243): CodeIgniter\Database\BaseBuilder->get()
 5 SYSTEMPATH\BaseModel.php(638): CodeIgniter\Model->doFindAll(0, 0)
 6 APPPATH\Models\ModeloNoticia.php(16): CodeIgniter\BaseModel->findAll()
 7 APPPATH\Controllers\Noticia.php(21): App\Models\ModeloNoticia->obtenerNoticias()
 8 SYSTEMPATH\CodeIgniter.php(943): App\Controllers\Noticia->index()
 9 SYSTEMPATH\CodeIgniter.php(503): CodeIgniter\CodeIgniter->runController(Object(App\Controllers\Noticia))
10 SYSTEMPATH\CodeIgniter.php(361): CodeIgniter\CodeIgniter->handleRequest(null, Object(Config\Cache), false)
11 FCPATH\index.php(79): CodeIgniter\CodeIgniter->run()
CRITICAL - 2024-04-21 18:55:51 --> [Caused by] mysqli_sql_exception: Unknown column 'titulo' in 'field list'
in SYSTEMPATH\Database\MySQLi\Connection.php on line 306.
 1 SYSTEMPATH\Database\MySQLi\Connection.php(306): mysqli->query('SELECT `id`, `titulo`, `categoria`, `descripcion`
FROM `noticia`', 0)
 2 SYSTEMPATH\Database\BaseConnection.php(693): CodeIgniter\Database\MySQLi\Connection->execute('SELECT `id`, `titulo`, `categoria`, `descripcion`
FROM `noticia`')
 3 SYSTEMPATH\Database\BaseConnection.php(607): CodeIgniter\Database\BaseConnection->simpleQuery('SELECT `id`, `titulo`, `categoria`, `descripcion`
FROM `noticia`')
 4 SYSTEMPATH\Database\BaseBuilder.php(1616): CodeIgniter\Database\BaseConnection->query('SELECT `id`, `titulo`, `categoria`, `descripcion`
FROM `noticia`', [], false)
 5 SYSTEMPATH\Model.php(243): CodeIgniter\Database\BaseBuilder->get()
 6 SYSTEMPATH\BaseModel.php(638): CodeIgniter\Model->doFindAll(0, 0)
 7 APPPATH\Models\ModeloNoticia.php(16): CodeIgniter\BaseModel->findAll()
 8 APPPATH\Controllers\Noticia.php(21): App\Models\ModeloNoticia->obtenerNoticias()
 9 SYSTEMPATH\CodeIgniter.php(943): App\Controllers\Noticia->index()
10 SYSTEMPATH\CodeIgniter.php(503): CodeIgniter\CodeIgniter->runController(Object(App\Controllers\Noticia))
11 SYSTEMPATH\CodeIgniter.php(361): CodeIgniter\CodeIgniter->handleRequest(null, Object(Config\Cache), false)
12 FCPATH\index.php(79): CodeIgniter\CodeIgniter->run()
CRITICAL - 2024-04-21 19:59:32 --> CodeIgniter\Database\Exceptions\DatabaseException: You must set the database table to be used with your query.
in SYSTEMPATH\Database\BaseConnection.php on line 884.
 1 SYSTEMPATH\Model.php(663): CodeIgniter\Database\BaseConnection->table(null)
 2 SYSTEMPATH\Model.php(844): CodeIgniter\Model->builder()
 3 APPPATH\Models\ModeloNoticia.php(30): CodeIgniter\Model->__get('tableNoticia')
 4 APPPATH\Controllers\Noticia.php(21): App\Models\ModeloNoticia->obtenerNoticias()
 5 SYSTEMPATH\CodeIgniter.php(943): App\Controllers\Noticia->index()
 6 SYSTEMPATH\CodeIgniter.php(503): CodeIgniter\CodeIgniter->runController(Object(App\Controllers\Noticia))
 7 SYSTEMPATH\CodeIgniter.php(361): CodeIgniter\CodeIgniter->handleRequest(null, Object(Config\Cache), false)
 8 FCPATH\index.php(79): CodeIgniter\CodeIgniter->run()
CRITICAL - 2024-04-21 20:04:30 --> Error: Call to undefined method CodeIgniter\Database\MySQLi\Builder::findAll()
in APPPATH\Models\ModeloNoticia.php on line 34.
 1 APPPATH\Controllers\Noticia.php(21): App\Models\ModeloNoticia->obtenerNoticias()
 2 SYSTEMPATH\CodeIgniter.php(943): App\Controllers\Noticia->index()
 3 SYSTEMPATH\CodeIgniter.php(503): CodeIgniter\CodeIgniter->runController(Object(App\Controllers\Noticia))
 4 SYSTEMPATH\CodeIgniter.php(361): CodeIgniter\CodeIgniter->handleRequest(null, Object(Config\Cache), false)
 5 FCPATH\index.php(79): CodeIgniter\CodeIgniter->run()
CRITICAL - 2024-04-21 20:06:43 --> Error: Call to undefined method CodeIgniter\Database\MySQLi\Builder::getResult()
in APPPATH\Models\ModeloNoticia.php on line 34.
 1 APPPATH\Controllers\Noticia.php(21): App\Models\ModeloNoticia->obtenerNoticias()
 2 SYSTEMPATH\CodeIgniter.php(943): App\Controllers\Noticia->index()
 3 SYSTEMPATH\CodeIgniter.php(503): CodeIgniter\CodeIgniter->runController(Object(App\Controllers\Noticia))
 4 SYSTEMPATH\CodeIgniter.php(361): CodeIgniter\CodeIgniter->handleRequest(null, Object(Config\Cache), false)
 5 FCPATH\index.php(79): CodeIgniter\CodeIgniter->run()
CRITICAL - 2024-04-21 20:06:45 --> Error: Call to undefined method CodeIgniter\Database\MySQLi\Builder::getResult()
in APPPATH\Models\ModeloNoticia.php on line 34.
 1 APPPATH\Controllers\Noticia.php(21): App\Models\ModeloNoticia->obtenerNoticias()
 2 SYSTEMPATH\CodeIgniter.php(943): App\Controllers\Noticia->index()
 3 SYSTEMPATH\CodeIgniter.php(503): CodeIgniter\CodeIgniter->runController(Object(App\Controllers\Noticia))
 4 SYSTEMPATH\CodeIgniter.php(361): CodeIgniter\CodeIgniter->handleRequest(null, Object(Config\Cache), false)
 5 FCPATH\index.php(79): CodeIgniter\CodeIgniter->run()
CRITICAL - 2024-04-21 20:08:10 --> Error: Call to undefined method CodeIgniter\Database\MySQLi\Builder::findAll()
in APPPATH\Models\ModeloNoticia.php on line 34.
 1 APPPATH\Controllers\Noticia.php(21): App\Models\ModeloNoticia->obtenerNoticias()
 2 SYSTEMPATH\CodeIgniter.php(943): App\Controllers\Noticia->index()
 3 SYSTEMPATH\CodeIgniter.php(503): CodeIgniter\CodeIgniter->runController(Object(App\Controllers\Noticia))
 4 SYSTEMPATH\CodeIgniter.php(361): CodeIgniter\CodeIgniter->handleRequest(null, Object(Config\Cache), false)
 5 FCPATH\index.php(79): CodeIgniter\CodeIgniter->run()
ERROR - 2024-04-21 20:08:34 --> mysqli_sql_exception: Table 'noticias.tablaborrador' doesn't exist in C:\xampp\htdocs\codeigniter4\system\Database\MySQLi\Connection.php:306
Stack trace:
#0 C:\xampp\htdocs\codeigniter4\system\Database\MySQLi\Connection.php(306): mysqli->query('SELECT *\nFROM `...', 0)
#1 C:\xampp\htdocs\codeigniter4\system\Database\BaseConnection.php(693): CodeIgniter\Database\MySQLi\Connection->execute('SELECT *\nFROM `...')
#2 C:\xampp\htdocs\codeigniter4\system\Database\BaseConnection.php(607): CodeIgniter\Database\BaseConnection->simpleQuery('SELECT *\nFROM `...')
#3 C:\xampp\htdocs\codeigniter4\system\Database\BaseBuilder.php(1616): CodeIgniter\Database\BaseConnection->query('SELECT *\nFROM `...', Array, false)
#4 C:\xampp\htdocs\codeigniter4\app\Models\ModeloNoticia.php(34): CodeIgniter\Database\BaseBuilder->get()
#5 C:\xampp\htdocs\codeigniter4\app\Controllers\Noticia.php(21): App\Models\ModeloNoticia->obtenerNoticias()
#6 C:\xampp\htdocs\codeigniter4\system\CodeIgniter.php(943): App\Controllers\Noticia->index()
#7 C:\xampp\htdocs\codeigniter4\system\CodeIgniter.php(503): CodeIgniter\CodeIgniter->runController(Object(App\Controllers\Noticia))
#8 C:\xampp\htdocs\codeigniter4\system\CodeIgniter.php(361): CodeIgniter\CodeIgniter->handleRequest(NULL, Object(Config\Cache), false)
#9 C:\xampp\htdocs\codeigniter4\public\index.php(79): CodeIgniter\CodeIgniter->run()
#10 {main}
CRITICAL - 2024-04-21 20:08:34 --> CodeIgniter\Database\Exceptions\DatabaseException: Table 'noticias.tablaborrador' doesn't exist
in SYSTEMPATH\Database\BaseConnection.php on line 647.
 1 SYSTEMPATH\Database\BaseBuilder.php(1616): CodeIgniter\Database\BaseConnection->query('SELECT *
FROM `noticia`
JOIN `borrador` ON `tablaNoticia`.`id` = `tablaBorrador`.`id_noticia`
WHERE `tablaNoticia`.`es_activo` = :tablaNoticia.es_activo:
AND tablaBorrador.fecha_modificacion = (SELECT MAX(fecha_modificacion) FROM tablaBorrador WHERE tablaNoticia.id = `tablaBorrador`.`id_noticia`)', [...], false)
 2 APPPATH\Models\ModeloNoticia.php(34): CodeIgniter\Database\BaseBuilder->get()
 3 APPPATH\Controllers\Noticia.php(21): App\Models\ModeloNoticia->obtenerNoticias()
 4 SYSTEMPATH\CodeIgniter.php(943): App\Controllers\Noticia->index()
 5 SYSTEMPATH\CodeIgniter.php(503): CodeIgniter\CodeIgniter->runController(Object(App\Controllers\Noticia))
 6 SYSTEMPATH\CodeIgniter.php(361): CodeIgniter\CodeIgniter->handleRequest(null, Object(Config\Cache), false)
 7 FCPATH\index.php(79): CodeIgniter\CodeIgniter->run()
CRITICAL - 2024-04-21 20:08:34 --> [Caused by] CodeIgniter\Database\Exceptions\DatabaseException: Table 'noticias.tablaborrador' doesn't exist
in SYSTEMPATH\Database\MySQLi\Connection.php on line 311.
 1 SYSTEMPATH\Database\BaseConnection.php(693): CodeIgniter\Database\MySQLi\Connection->execute('SELECT *
FROM `noticia`
JOIN `borrador` ON `tablaNoticia`.`id` = `tablaBorrador`.`id_noticia`
WHERE `tablaNoticia`.`es_activo` = \'1\'
AND tablaBorrador.fecha_modificacion = (SELECT MAX(fecha_modificacion) FROM tablaBorrador WHERE tablaNoticia.id = `tablaBorrador`.`id_noticia`)')
 2 SYSTEMPATH\Database\BaseConnection.php(607): CodeIgniter\Database\BaseConnection->simpleQuery('SELECT *
FROM `noticia`
JOIN `borrador` ON `tablaNoticia`.`id` = `tablaBorrador`.`id_noticia`
WHERE `tablaNoticia`.`es_activo` = \'1\'
AND tablaBorrador.fecha_modificacion = (SELECT MAX(fecha_modificacion) FROM tablaBorrador WHERE tablaNoticia.id = `tablaBorrador`.`id_noticia`)')
 3 SYSTEMPATH\Database\BaseBuilder.php(1616): CodeIgniter\Database\BaseConnection->query('SELECT *
FROM `noticia`
JOIN `borrador` ON `tablaNoticia`.`id` = `tablaBorrador`.`id_noticia`
WHERE `tablaNoticia`.`es_activo` = :tablaNoticia.es_activo:
AND tablaBorrador.fecha_modificacion = (SELECT MAX(fecha_modificacion) FROM tablaBorrador WHERE tablaNoticia.id = `tablaBorrador`.`id_noticia`)', [...], false)
 4 APPPATH\Models\ModeloNoticia.php(34): CodeIgniter\Database\BaseBuilder->get()
 5 APPPATH\Controllers\Noticia.php(21): App\Models\ModeloNoticia->obtenerNoticias()
 6 SYSTEMPATH\CodeIgniter.php(943): App\Controllers\Noticia->index()
 7 SYSTEMPATH\CodeIgniter.php(503): CodeIgniter\CodeIgniter->runController(Object(App\Controllers\Noticia))
 8 SYSTEMPATH\CodeIgniter.php(361): CodeIgniter\CodeIgniter->handleRequest(null, Object(Config\Cache), false)
 9 FCPATH\index.php(79): CodeIgniter\CodeIgniter->run()
CRITICAL - 2024-04-21 20:08:34 --> [Caused by] mysqli_sql_exception: Table 'noticias.tablaborrador' doesn't exist
in SYSTEMPATH\Database\MySQLi\Connection.php on line 306.
 1 SYSTEMPATH\Database\MySQLi\Connection.php(306): mysqli->query('SELECT *
FROM `noticia`
JOIN `borrador` ON `tablaNoticia`.`id` = `tablaBorrador`.`id_noticia`
WHERE `tablaNoticia`.`es_activo` = \'1\'
AND tablaBorrador.fecha_modificacion = (SELECT MAX(fecha_modificacion) FROM tablaBorrador WHERE tablaNoticia.id = `tablaBorrador`.`id_noticia`)', 0)
 2 SYSTEMPATH\Database\BaseConnection.php(693): CodeIgniter\Database\MySQLi\Connection->execute('SELECT *
FROM `noticia`
JOIN `borrador` ON `tablaNoticia`.`id` = `tablaBorrador`.`id_noticia`
WHERE `tablaNoticia`.`es_activo` = \'1\'
AND tablaBorrador.fecha_modificacion = (SELECT MAX(fecha_modificacion) FROM tablaBorrador WHERE tablaNoticia.id = `tablaBorrador`.`id_noticia`)')
 3 SYSTEMPATH\Database\BaseConnection.php(607): CodeIgniter\Database\BaseConnection->simpleQuery('SELECT *
FROM `noticia`
JOIN `borrador` ON `tablaNoticia`.`id` = `tablaBorrador`.`id_noticia`
WHERE `tablaNoticia`.`es_activo` = \'1\'
AND tablaBorrador.fecha_modificacion = (SELECT MAX(fecha_modificacion) FROM tablaBorrador WHERE tablaNoticia.id = `tablaBorrador`.`id_noticia`)')
 4 SYSTEMPATH\Database\BaseBuilder.php(1616): CodeIgniter\Database\BaseConnection->query('SELECT *
FROM `noticia`
JOIN `borrador` ON `tablaNoticia`.`id` = `tablaBorrador`.`id_noticia`
WHERE `tablaNoticia`.`es_activo` = :tablaNoticia.es_activo:
AND tablaBorrador.fecha_modificacion = (SELECT MAX(fecha_modificacion) FROM tablaBorrador WHERE tablaNoticia.id = `tablaBorrador`.`id_noticia`)', [...], false)
 5 APPPATH\Models\ModeloNoticia.php(34): CodeIgniter\Database\BaseBuilder->get()
 6 APPPATH\Controllers\Noticia.php(21): App\Models\ModeloNoticia->obtenerNoticias()
 7 SYSTEMPATH\CodeIgniter.php(943): App\Controllers\Noticia->index()
 8 SYSTEMPATH\CodeIgniter.php(503): CodeIgniter\CodeIgniter->runController(Object(App\Controllers\Noticia))
 9 SYSTEMPATH\CodeIgniter.php(361): CodeIgniter\CodeIgniter->handleRequest(null, Object(Config\Cache), false)
10 FCPATH\index.php(79): CodeIgniter\CodeIgniter->run()
ERROR - 2024-04-21 20:11:03 --> mysqli_sql_exception: Table 'noticias.tablaborrador' doesn't exist in C:\xampp\htdocs\codeigniter4\system\Database\MySQLi\Connection.php:306
Stack trace:
#0 C:\xampp\htdocs\codeigniter4\system\Database\MySQLi\Connection.php(306): mysqli->query('SELECT *\nFROM `...', 0)
#1 C:\xampp\htdocs\codeigniter4\system\Database\BaseConnection.php(693): CodeIgniter\Database\MySQLi\Connection->execute('SELECT *\nFROM `...')
#2 C:\xampp\htdocs\codeigniter4\system\Database\BaseConnection.php(607): CodeIgniter\Database\BaseConnection->simpleQuery('SELECT *\nFROM `...')
#3 C:\xampp\htdocs\codeigniter4\system\Database\BaseBuilder.php(1616): CodeIgniter\Database\BaseConnection->query('SELECT *\nFROM `...', Array, false)
#4 C:\xampp\htdocs\codeigniter4\app\Models\ModeloNoticia.php(34): CodeIgniter\Database\BaseBuilder->get()
#5 C:\xampp\htdocs\codeigniter4\app\Controllers\Noticia.php(21): App\Models\ModeloNoticia->obtenerNoticias()
#6 C:\xampp\htdocs\codeigniter4\system\CodeIgniter.php(943): App\Controllers\Noticia->index()
#7 C:\xampp\htdocs\codeigniter4\system\CodeIgniter.php(503): CodeIgniter\CodeIgniter->runController(Object(App\Controllers\Noticia))
#8 C:\xampp\htdocs\codeigniter4\system\CodeIgniter.php(361): CodeIgniter\CodeIgniter->handleRequest(NULL, Object(Config\Cache), false)
#9 C:\xampp\htdocs\codeigniter4\public\index.php(79): CodeIgniter\CodeIgniter->run()
#10 {main}
CRITICAL - 2024-04-21 20:11:03 --> CodeIgniter\Database\Exceptions\DatabaseException: Table 'noticias.tablaborrador' doesn't exist
in SYSTEMPATH\Database\BaseConnection.php on line 647.
 1 SYSTEMPATH\Database\BaseBuilder.php(1616): CodeIgniter\Database\BaseConnection->query('SELECT *
FROM `noticia`
JOIN `borrador` ON `noticia`.`id` = `borrador`.`id_noticia`
WHERE `noticia`.`es_activo` = :noticia.es_activo:
AND borrador.fecha_modificacion = (SELECT MAX(fecha_modificacion) FROM tablaBorrador WHERE tablaNoticia.id = `tablaBorrador`.`id_noticia`)', [...], false)
 2 APPPATH\Models\ModeloNoticia.php(34): CodeIgniter\Database\BaseBuilder->get()
 3 APPPATH\Controllers\Noticia.php(21): App\Models\ModeloNoticia->obtenerNoticias()
 4 SYSTEMPATH\CodeIgniter.php(943): App\Controllers\Noticia->index()
 5 SYSTEMPATH\CodeIgniter.php(503): CodeIgniter\CodeIgniter->runController(Object(App\Controllers\Noticia))
 6 SYSTEMPATH\CodeIgniter.php(361): CodeIgniter\CodeIgniter->handleRequest(null, Object(Config\Cache), false)
 7 FCPATH\index.php(79): CodeIgniter\CodeIgniter->run()
CRITICAL - 2024-04-21 20:11:03 --> [Caused by] CodeIgniter\Database\Exceptions\DatabaseException: Table 'noticias.tablaborrador' doesn't exist
in SYSTEMPATH\Database\MySQLi\Connection.php on line 311.
 1 SYSTEMPATH\Database\BaseConnection.php(693): CodeIgniter\Database\MySQLi\Connection->execute('SELECT *
FROM `noticia`
JOIN `borrador` ON `noticia`.`id` = `borrador`.`id_noticia`
WHERE `noticia`.`es_activo` = \'1\'
AND borrador.fecha_modificacion = (SELECT MAX(fecha_modificacion) FROM tablaBorrador WHERE tablaNoticia.id = `tablaBorrador`.`id_noticia`)')
 2 SYSTEMPATH\Database\BaseConnection.php(607): CodeIgniter\Database\BaseConnection->simpleQuery('SELECT *
FROM `noticia`
JOIN `borrador` ON `noticia`.`id` = `borrador`.`id_noticia`
WHERE `noticia`.`es_activo` = \'1\'
AND borrador.fecha_modificacion = (SELECT MAX(fecha_modificacion) FROM tablaBorrador WHERE tablaNoticia.id = `tablaBorrador`.`id_noticia`)')
 3 SYSTEMPATH\Database\BaseBuilder.php(1616): CodeIgniter\Database\BaseConnection->query('SELECT *
FROM `noticia`
JOIN `borrador` ON `noticia`.`id` = `borrador`.`id_noticia`
WHERE `noticia`.`es_activo` = :noticia.es_activo:
AND borrador.fecha_modificacion = (SELECT MAX(fecha_modificacion) FROM tablaBorrador WHERE tablaNoticia.id = `tablaBorrador`.`id_noticia`)', [...], false)
 4 APPPATH\Models\ModeloNoticia.php(34): CodeIgniter\Database\BaseBuilder->get()
 5 APPPATH\Controllers\Noticia.php(21): App\Models\ModeloNoticia->obtenerNoticias()
 6 SYSTEMPATH\CodeIgniter.php(943): App\Controllers\Noticia->index()
 7 SYSTEMPATH\CodeIgniter.php(503): CodeIgniter\CodeIgniter->runController(Object(App\Controllers\Noticia))
 8 SYSTEMPATH\CodeIgniter.php(361): CodeIgniter\CodeIgniter->handleRequest(null, Object(Config\Cache), false)
 9 FCPATH\index.php(79): CodeIgniter\CodeIgniter->run()
CRITICAL - 2024-04-21 20:11:03 --> [Caused by] mysqli_sql_exception: Table 'noticias.tablaborrador' doesn't exist
in SYSTEMPATH\Database\MySQLi\Connection.php on line 306.
 1 SYSTEMPATH\Database\MySQLi\Connection.php(306): mysqli->query('SELECT *
FROM `noticia`
JOIN `borrador` ON `noticia`.`id` = `borrador`.`id_noticia`
WHERE `noticia`.`es_activo` = \'1\'
AND borrador.fecha_modificacion = (SELECT MAX(fecha_modificacion) FROM tablaBorrador WHERE tablaNoticia.id = `tablaBorrador`.`id_noticia`)', 0)
 2 SYSTEMPATH\Database\BaseConnection.php(693): CodeIgniter\Database\MySQLi\Connection->execute('SELECT *
FROM `noticia`
JOIN `borrador` ON `noticia`.`id` = `borrador`.`id_noticia`
WHERE `noticia`.`es_activo` = \'1\'
AND borrador.fecha_modificacion = (SELECT MAX(fecha_modificacion) FROM tablaBorrador WHERE tablaNoticia.id = `tablaBorrador`.`id_noticia`)')
 3 SYSTEMPATH\Database\BaseConnection.php(607): CodeIgniter\Database\BaseConnection->simpleQuery('SELECT *
FROM `noticia`
JOIN `borrador` ON `noticia`.`id` = `borrador`.`id_noticia`
WHERE `noticia`.`es_activo` = \'1\'
AND borrador.fecha_modificacion = (SELECT MAX(fecha_modificacion) FROM tablaBorrador WHERE tablaNoticia.id = `tablaBorrador`.`id_noticia`)')
 4 SYSTEMPATH\Database\BaseBuilder.php(1616): CodeIgniter\Database\BaseConnection->query('SELECT *
FROM `noticia`
JOIN `borrador` ON `noticia`.`id` = `borrador`.`id_noticia`
WHERE `noticia`.`es_activo` = :noticia.es_activo:
AND borrador.fecha_modificacion = (SELECT MAX(fecha_modificacion) FROM tablaBorrador WHERE tablaNoticia.id = `tablaBorrador`.`id_noticia`)', [...], false)
 5 APPPATH\Models\ModeloNoticia.php(34): CodeIgniter\Database\BaseBuilder->get()
 6 APPPATH\Controllers\Noticia.php(21): App\Models\ModeloNoticia->obtenerNoticias()
 7 SYSTEMPATH\CodeIgniter.php(943): App\Controllers\Noticia->index()
 8 SYSTEMPATH\CodeIgniter.php(503): CodeIgniter\CodeIgniter->runController(Object(App\Controllers\Noticia))
 9 SYSTEMPATH\CodeIgniter.php(361): CodeIgniter\CodeIgniter->handleRequest(null, Object(Config\Cache), false)
10 FCPATH\index.php(79): CodeIgniter\CodeIgniter->run()
ERROR - 2024-04-21 20:11:04 --> mysqli_sql_exception: Table 'noticias.tablaborrador' doesn't exist in C:\xampp\htdocs\codeigniter4\system\Database\MySQLi\Connection.php:306
Stack trace:
#0 C:\xampp\htdocs\codeigniter4\system\Database\MySQLi\Connection.php(306): mysqli->query('SELECT *\nFROM `...', 0)
#1 C:\xampp\htdocs\codeigniter4\system\Database\BaseConnection.php(693): CodeIgniter\Database\MySQLi\Connection->execute('SELECT *\nFROM `...')
#2 C:\xampp\htdocs\codeigniter4\system\Database\BaseConnection.php(607): CodeIgniter\Database\BaseConnection->simpleQuery('SELECT *\nFROM `...')
#3 C:\xampp\htdocs\codeigniter4\system\Database\BaseBuilder.php(1616): CodeIgniter\Database\BaseConnection->query('SELECT *\nFROM `...', Array, false)
#4 C:\xampp\htdocs\codeigniter4\app\Models\ModeloNoticia.php(34): CodeIgniter\Database\BaseBuilder->get()
#5 C:\xampp\htdocs\codeigniter4\app\Controllers\Noticia.php(21): App\Models\ModeloNoticia->obtenerNoticias()
#6 C:\xampp\htdocs\codeigniter4\system\CodeIgniter.php(943): App\Controllers\Noticia->index()
#7 C:\xampp\htdocs\codeigniter4\system\CodeIgniter.php(503): CodeIgniter\CodeIgniter->runController(Object(App\Controllers\Noticia))
#8 C:\xampp\htdocs\codeigniter4\system\CodeIgniter.php(361): CodeIgniter\CodeIgniter->handleRequest(NULL, Object(Config\Cache), false)
#9 C:\xampp\htdocs\codeigniter4\public\index.php(79): CodeIgniter\CodeIgniter->run()
#10 {main}
CRITICAL - 2024-04-21 20:11:04 --> CodeIgniter\Database\Exceptions\DatabaseException: Table 'noticias.tablaborrador' doesn't exist
in SYSTEMPATH\Database\BaseConnection.php on line 647.
 1 SYSTEMPATH\Database\BaseBuilder.php(1616): CodeIgniter\Database\BaseConnection->query('SELECT *
FROM `noticia`
JOIN `borrador` ON `noticia`.`id` = `borrador`.`id_noticia`
WHERE `noticia`.`es_activo` = :noticia.es_activo:
AND borrador.fecha_modificacion = (SELECT MAX(fecha_modificacion) FROM tablaBorrador WHERE tablaNoticia.id = `tablaBorrador`.`id_noticia`)', [...], false)
 2 APPPATH\Models\ModeloNoticia.php(34): CodeIgniter\Database\BaseBuilder->get()
 3 APPPATH\Controllers\Noticia.php(21): App\Models\ModeloNoticia->obtenerNoticias()
 4 SYSTEMPATH\CodeIgniter.php(943): App\Controllers\Noticia->index()
 5 SYSTEMPATH\CodeIgniter.php(503): CodeIgniter\CodeIgniter->runController(Object(App\Controllers\Noticia))
 6 SYSTEMPATH\CodeIgniter.php(361): CodeIgniter\CodeIgniter->handleRequest(null, Object(Config\Cache), false)
 7 FCPATH\index.php(79): CodeIgniter\CodeIgniter->run()
CRITICAL - 2024-04-21 20:11:04 --> [Caused by] CodeIgniter\Database\Exceptions\DatabaseException: Table 'noticias.tablaborrador' doesn't exist
in SYSTEMPATH\Database\MySQLi\Connection.php on line 311.
 1 SYSTEMPATH\Database\BaseConnection.php(693): CodeIgniter\Database\MySQLi\Connection->execute('SELECT *
FROM `noticia`
JOIN `borrador` ON `noticia`.`id` = `borrador`.`id_noticia`
WHERE `noticia`.`es_activo` = \'1\'
AND borrador.fecha_modificacion = (SELECT MAX(fecha_modificacion) FROM tablaBorrador WHERE tablaNoticia.id = `tablaBorrador`.`id_noticia`)')
 2 SYSTEMPATH\Database\BaseConnection.php(607): CodeIgniter\Database\BaseConnection->simpleQuery('SELECT *
FROM `noticia`
JOIN `borrador` ON `noticia`.`id` = `borrador`.`id_noticia`
WHERE `noticia`.`es_activo` = \'1\'
AND borrador.fecha_modificacion = (SELECT MAX(fecha_modificacion) FROM tablaBorrador WHERE tablaNoticia.id = `tablaBorrador`.`id_noticia`)')
 3 SYSTEMPATH\Database\BaseBuilder.php(1616): CodeIgniter\Database\BaseConnection->query('SELECT *
FROM `noticia`
JOIN `borrador` ON `noticia`.`id` = `borrador`.`id_noticia`
WHERE `noticia`.`es_activo` = :noticia.es_activo:
AND borrador.fecha_modificacion = (SELECT MAX(fecha_modificacion) FROM tablaBorrador WHERE tablaNoticia.id = `tablaBorrador`.`id_noticia`)', [...], false)
 4 APPPATH\Models\ModeloNoticia.php(34): CodeIgniter\Database\BaseBuilder->get()
 5 APPPATH\Controllers\Noticia.php(21): App\Models\ModeloNoticia->obtenerNoticias()
 6 SYSTEMPATH\CodeIgniter.php(943): App\Controllers\Noticia->index()
 7 SYSTEMPATH\CodeIgniter.php(503): CodeIgniter\CodeIgniter->runController(Object(App\Controllers\Noticia))
 8 SYSTEMPATH\CodeIgniter.php(361): CodeIgniter\CodeIgniter->handleRequest(null, Object(Config\Cache), false)
 9 FCPATH\index.php(79): CodeIgniter\CodeIgniter->run()
CRITICAL - 2024-04-21 20:11:04 --> [Caused by] mysqli_sql_exception: Table 'noticias.tablaborrador' doesn't exist
in SYSTEMPATH\Database\MySQLi\Connection.php on line 306.
 1 SYSTEMPATH\Database\MySQLi\Connection.php(306): mysqli->query('SELECT *
FROM `noticia`
JOIN `borrador` ON `noticia`.`id` = `borrador`.`id_noticia`
WHERE `noticia`.`es_activo` = \'1\'
AND borrador.fecha_modificacion = (SELECT MAX(fecha_modificacion) FROM tablaBorrador WHERE tablaNoticia.id = `tablaBorrador`.`id_noticia`)', 0)
 2 SYSTEMPATH\Database\BaseConnection.php(693): CodeIgniter\Database\MySQLi\Connection->execute('SELECT *
FROM `noticia`
JOIN `borrador` ON `noticia`.`id` = `borrador`.`id_noticia`
WHERE `noticia`.`es_activo` = \'1\'
AND borrador.fecha_modificacion = (SELECT MAX(fecha_modificacion) FROM tablaBorrador WHERE tablaNoticia.id = `tablaBorrador`.`id_noticia`)')
 3 SYSTEMPATH\Database\BaseConnection.php(607): CodeIgniter\Database\BaseConnection->simpleQuery('SELECT *
FROM `noticia`
JOIN `borrador` ON `noticia`.`id` = `borrador`.`id_noticia`
WHERE `noticia`.`es_activo` = \'1\'
AND borrador.fecha_modificacion = (SELECT MAX(fecha_modificacion) FROM tablaBorrador WHERE tablaNoticia.id = `tablaBorrador`.`id_noticia`)')
 4 SYSTEMPATH\Database\BaseBuilder.php(1616): CodeIgniter\Database\BaseConnection->query('SELECT *
FROM `noticia`
JOIN `borrador` ON `noticia`.`id` = `borrador`.`id_noticia`
WHERE `noticia`.`es_activo` = :noticia.es_activo:
AND borrador.fecha_modificacion = (SELECT MAX(fecha_modificacion) FROM tablaBorrador WHERE tablaNoticia.id = `tablaBorrador`.`id_noticia`)', [...], false)
 5 APPPATH\Models\ModeloNoticia.php(34): CodeIgniter\Database\BaseBuilder->get()
 6 APPPATH\Controllers\Noticia.php(21): App\Models\ModeloNoticia->obtenerNoticias()
 7 SYSTEMPATH\CodeIgniter.php(943): App\Controllers\Noticia->index()
 8 SYSTEMPATH\CodeIgniter.php(503): CodeIgniter\CodeIgniter->runController(Object(App\Controllers\Noticia))
 9 SYSTEMPATH\CodeIgniter.php(361): CodeIgniter\CodeIgniter->handleRequest(null, Object(Config\Cache), false)
10 FCPATH\index.php(79): CodeIgniter\CodeIgniter->run()
ERROR - 2024-04-21 20:11:10 --> mysqli_sql_exception: Table 'noticias.tablaborrador' doesn't exist in C:\xampp\htdocs\codeigniter4\system\Database\MySQLi\Connection.php:306
Stack trace:
#0 C:\xampp\htdocs\codeigniter4\system\Database\MySQLi\Connection.php(306): mysqli->query('SELECT *\nFROM `...', 0)
#1 C:\xampp\htdocs\codeigniter4\system\Database\BaseConnection.php(693): CodeIgniter\Database\MySQLi\Connection->execute('SELECT *\nFROM `...')
#2 C:\xampp\htdocs\codeigniter4\system\Database\BaseConnection.php(607): CodeIgniter\Database\BaseConnection->simpleQuery('SELECT *\nFROM `...')
#3 C:\xampp\htdocs\codeigniter4\system\Database\BaseBuilder.php(1616): CodeIgniter\Database\BaseConnection->query('SELECT *\nFROM `...', Array, false)
#4 C:\xampp\htdocs\codeigniter4\app\Models\ModeloNoticia.php(34): CodeIgniter\Database\BaseBuilder->get()
#5 C:\xampp\htdocs\codeigniter4\app\Controllers\Noticia.php(21): App\Models\ModeloNoticia->obtenerNoticias()
#6 C:\xampp\htdocs\codeigniter4\system\CodeIgniter.php(943): App\Controllers\Noticia->index()
#7 C:\xampp\htdocs\codeigniter4\system\CodeIgniter.php(503): CodeIgniter\CodeIgniter->runController(Object(App\Controllers\Noticia))
#8 C:\xampp\htdocs\codeigniter4\system\CodeIgniter.php(361): CodeIgniter\CodeIgniter->handleRequest(NULL, Object(Config\Cache), false)
#9 C:\xampp\htdocs\codeigniter4\public\index.php(79): CodeIgniter\CodeIgniter->run()
#10 {main}
CRITICAL - 2024-04-21 20:11:10 --> CodeIgniter\Database\Exceptions\DatabaseException: Table 'noticias.tablaborrador' doesn't exist
in SYSTEMPATH\Database\BaseConnection.php on line 647.
 1 SYSTEMPATH\Database\BaseBuilder.php(1616): CodeIgniter\Database\BaseConnection->query('SELECT *
FROM `noticia`
JOIN `borrador` ON `noticia`.`id` = `borrador`.`id_noticia`
WHERE `noticia`.`es_activo` = :noticia.es_activo:
AND borrador.fecha_modificacion = (SELECT MAX(fecha_modificacion) FROM tablaBorrador WHERE tablaNoticia.id = `tablaBorrador`.`id_noticia`)', [...], false)
 2 APPPATH\Models\ModeloNoticia.php(34): CodeIgniter\Database\BaseBuilder->get()
 3 APPPATH\Controllers\Noticia.php(21): App\Models\ModeloNoticia->obtenerNoticias()
 4 SYSTEMPATH\CodeIgniter.php(943): App\Controllers\Noticia->index()
 5 SYSTEMPATH\CodeIgniter.php(503): CodeIgniter\CodeIgniter->runController(Object(App\Controllers\Noticia))
 6 SYSTEMPATH\CodeIgniter.php(361): CodeIgniter\CodeIgniter->handleRequest(null, Object(Config\Cache), false)
 7 FCPATH\index.php(79): CodeIgniter\CodeIgniter->run()
CRITICAL - 2024-04-21 20:11:10 --> [Caused by] CodeIgniter\Database\Exceptions\DatabaseException: Table 'noticias.tablaborrador' doesn't exist
in SYSTEMPATH\Database\MySQLi\Connection.php on line 311.
 1 SYSTEMPATH\Database\BaseConnection.php(693): CodeIgniter\Database\MySQLi\Connection->execute('SELECT *
FROM `noticia`
JOIN `borrador` ON `noticia`.`id` = `borrador`.`id_noticia`
WHERE `noticia`.`es_activo` = \'1\'
AND borrador.fecha_modificacion = (SELECT MAX(fecha_modificacion) FROM tablaBorrador WHERE tablaNoticia.id = `tablaBorrador`.`id_noticia`)')
 2 SYSTEMPATH\Database\BaseConnection.php(607): CodeIgniter\Database\BaseConnection->simpleQuery('SELECT *
FROM `noticia`
JOIN `borrador` ON `noticia`.`id` = `borrador`.`id_noticia`
WHERE `noticia`.`es_activo` = \'1\'
AND borrador.fecha_modificacion = (SELECT MAX(fecha_modificacion) FROM tablaBorrador WHERE tablaNoticia.id = `tablaBorrador`.`id_noticia`)')
 3 SYSTEMPATH\Database\BaseBuilder.php(1616): CodeIgniter\Database\BaseConnection->query('SELECT *
FROM `noticia`
JOIN `borrador` ON `noticia`.`id` = `borrador`.`id_noticia`
WHERE `noticia`.`es_activo` = :noticia.es_activo:
AND borrador.fecha_modificacion = (SELECT MAX(fecha_modificacion) FROM tablaBorrador WHERE tablaNoticia.id = `tablaBorrador`.`id_noticia`)', [...], false)
 4 APPPATH\Models\ModeloNoticia.php(34): CodeIgniter\Database\BaseBuilder->get()
 5 APPPATH\Controllers\Noticia.php(21): App\Models\ModeloNoticia->obtenerNoticias()
 6 SYSTEMPATH\CodeIgniter.php(943): App\Controllers\Noticia->index()
 7 SYSTEMPATH\CodeIgniter.php(503): CodeIgniter\CodeIgniter->runController(Object(App\Controllers\Noticia))
 8 SYSTEMPATH\CodeIgniter.php(361): CodeIgniter\CodeIgniter->handleRequest(null, Object(Config\Cache), false)
 9 FCPATH\index.php(79): CodeIgniter\CodeIgniter->run()
CRITICAL - 2024-04-21 20:11:10 --> [Caused by] mysqli_sql_exception: Table 'noticias.tablaborrador' doesn't exist
in SYSTEMPATH\Database\MySQLi\Connection.php on line 306.
 1 SYSTEMPATH\Database\MySQLi\Connection.php(306): mysqli->query('SELECT *
FROM `noticia`
JOIN `borrador` ON `noticia`.`id` = `borrador`.`id_noticia`
WHERE `noticia`.`es_activo` = \'1\'
AND borrador.fecha_modificacion = (SELECT MAX(fecha_modificacion) FROM tablaBorrador WHERE tablaNoticia.id = `tablaBorrador`.`id_noticia`)', 0)
 2 SYSTEMPATH\Database\BaseConnection.php(693): CodeIgniter\Database\MySQLi\Connection->execute('SELECT *
FROM `noticia`
JOIN `borrador` ON `noticia`.`id` = `borrador`.`id_noticia`
WHERE `noticia`.`es_activo` = \'1\'
AND borrador.fecha_modificacion = (SELECT MAX(fecha_modificacion) FROM tablaBorrador WHERE tablaNoticia.id = `tablaBorrador`.`id_noticia`)')
 3 SYSTEMPATH\Database\BaseConnection.php(607): CodeIgniter\Database\BaseConnection->simpleQuery('SELECT *
FROM `noticia`
JOIN `borrador` ON `noticia`.`id` = `borrador`.`id_noticia`
WHERE `noticia`.`es_activo` = \'1\'
AND borrador.fecha_modificacion = (SELECT MAX(fecha_modificacion) FROM tablaBorrador WHERE tablaNoticia.id = `tablaBorrador`.`id_noticia`)')
 4 SYSTEMPATH\Database\BaseBuilder.php(1616): CodeIgniter\Database\BaseConnection->query('SELECT *
FROM `noticia`
JOIN `borrador` ON `noticia`.`id` = `borrador`.`id_noticia`
WHERE `noticia`.`es_activo` = :noticia.es_activo:
AND borrador.fecha_modificacion = (SELECT MAX(fecha_modificacion) FROM tablaBorrador WHERE tablaNoticia.id = `tablaBorrador`.`id_noticia`)', [...], false)
 5 APPPATH\Models\ModeloNoticia.php(34): CodeIgniter\Database\BaseBuilder->get()
 6 APPPATH\Controllers\Noticia.php(21): App\Models\ModeloNoticia->obtenerNoticias()
 7 SYSTEMPATH\CodeIgniter.php(943): App\Controllers\Noticia->index()
 8 SYSTEMPATH\CodeIgniter.php(503): CodeIgniter\CodeIgniter->runController(Object(App\Controllers\Noticia))
 9 SYSTEMPATH\CodeIgniter.php(361): CodeIgniter\CodeIgniter->handleRequest(null, Object(Config\Cache), false)
10 FCPATH\index.php(79): CodeIgniter\CodeIgniter->run()
CRITICAL - 2024-04-21 20:13:04 --> ParseError: Unclosed '{' on line 6
in APPPATH\Models\ModeloNoticia.php on line 38.
 1 SYSTEMPATH\Autoloader\Autoloader.php(290): CodeIgniter\Autoloader\Autoloader->includeFile('C:\\xampp\\htdocs\\codeigniter4\\app\\Models\\ModeloNoticia.php')
 2 SYSTEMPATH\Autoloader\Autoloader.php(266): CodeIgniter\Autoloader\Autoloader->loadInNamespace('App\\Models\\ModeloNoticia')
 3 [internal function]: CodeIgniter\Autoloader\Autoloader->loadClass('App\\Models\\ModeloNoticia')
 4 SYSTEMPATH\Config\Factories.php(280): class_exists('App\\Models\\ModeloNoticia')
 5 SYSTEMPATH\Config\Factories.php(199): CodeIgniter\Config\Factories::locateClass([...], 'App\\Models\\ModeloNoticia')
 6 SYSTEMPATH\Config\Factories.php(158): CodeIgniter\Config\Factories::getDefinedInstance([...], 'App\\Models\\ModeloNoticia', [...])
 7 SYSTEMPATH\Common.php(813): CodeIgniter\Config\Factories::__callStatic('models', [...])
 8 APPPATH\Controllers\Noticia.php(15): model('App\\Models\\ModeloNoticia')
 9 SYSTEMPATH\CodeIgniter.php(943): App\Controllers\Noticia->index()
10 SYSTEMPATH\CodeIgniter.php(503): CodeIgniter\CodeIgniter->runController(Object(App\Controllers\Noticia))
11 SYSTEMPATH\CodeIgniter.php(361): CodeIgniter\CodeIgniter->handleRequest(null, Object(Config\Cache), false)
12 FCPATH\index.php(79): CodeIgniter\CodeIgniter->run()
CRITICAL - 2024-04-21 20:13:30 --> Error: Call to undefined method CodeIgniter\Database\MySQLi\Builder::findAll()
in APPPATH\Models\ModeloNoticia.php on line 34.
 1 APPPATH\Controllers\Noticia.php(21): App\Models\ModeloNoticia->obtenerNoticias()
 2 SYSTEMPATH\CodeIgniter.php(943): App\Controllers\Noticia->index()
 3 SYSTEMPATH\CodeIgniter.php(503): CodeIgniter\CodeIgniter->runController(Object(App\Controllers\Noticia))
 4 SYSTEMPATH\CodeIgniter.php(361): CodeIgniter\CodeIgniter->handleRequest(null, Object(Config\Cache), false)
 5 FCPATH\index.php(79): CodeIgniter\CodeIgniter->run()
CRITICAL - 2024-04-21 20:15:09 --> Error: Cannot use object of type stdClass as array
in APPPATH\Views\noticias\index.php on line 15.
 1 SYSTEMPATH\View\View.php(228): include()
 2 SYSTEMPATH\View\View.php(231): CodeIgniter\View\View->CodeIgniter\View\{closure}()
 3 SYSTEMPATH\Common.php(1178): CodeIgniter\View\View->render('noticias/index', [], true)
 4 APPPATH\Controllers\Noticia.php(28): view('noticias/index')
 5 SYSTEMPATH\CodeIgniter.php(943): App\Controllers\Noticia->index()
 6 SYSTEMPATH\CodeIgniter.php(503): CodeIgniter\CodeIgniter->runController(Object(App\Controllers\Noticia))
 7 SYSTEMPATH\CodeIgniter.php(361): CodeIgniter\CodeIgniter->handleRequest(null, Object(Config\Cache), false)
 8 FCPATH\index.php(79): CodeIgniter\CodeIgniter->run()
CRITICAL - 2024-04-21 20:21:58 --> CodeIgniter\Database\Exceptions\DatabaseException: You must set the database table to be used with your query.
in SYSTEMPATH\Database\BaseConnection.php on line 884.
 1 SYSTEMPATH\Model.php(663): CodeIgniter\Database\BaseConnection->table(null)
 2 SYSTEMPATH\Model.php(844): CodeIgniter\Model->builder()
 3 APPPATH\Models\ModeloNoticia.php(16): CodeIgniter\Model->__get('noticia')
 4 APPPATH\Controllers\Noticia.php(38): App\Models\ModeloNoticia->obtenerNoticias('4')
 5 SYSTEMPATH\CodeIgniter.php(943): App\Controllers\Noticia->detalleNoticia('4')
 6 SYSTEMPATH\CodeIgniter.php(503): CodeIgniter\CodeIgniter->runController(Object(App\Controllers\Noticia))
 7 SYSTEMPATH\CodeIgniter.php(361): CodeIgniter\CodeIgniter->handleRequest(null, Object(Config\Cache), false)
 8 FCPATH\index.php(79): CodeIgniter\CodeIgniter->run()
CRITICAL - 2024-04-21 20:27:06 --> CodeIgniter\Database\Exceptions\DatabaseException: You must set the database table to be used with your query.
in SYSTEMPATH\Database\BaseConnection.php on line 884.
 1 SYSTEMPATH\Model.php(663): CodeIgniter\Database\BaseConnection->table(null)
 2 SYSTEMPATH\Model.php(844): CodeIgniter\Model->builder()
 3 APPPATH\Models\ModeloNoticia.php(17): CodeIgniter\Model->__get('noticia')
 4 APPPATH\Controllers\Noticia.php(38): App\Models\ModeloNoticia->obtenerNoticias('4')
 5 SYSTEMPATH\CodeIgniter.php(943): App\Controllers\Noticia->detalleNoticia('4')
 6 SYSTEMPATH\CodeIgniter.php(503): CodeIgniter\CodeIgniter->runController(Object(App\Controllers\Noticia))
 7 SYSTEMPATH\CodeIgniter.php(361): CodeIgniter\CodeIgniter->handleRequest(null, Object(Config\Cache), false)
 8 FCPATH\index.php(79): CodeIgniter\CodeIgniter->run()
CRITICAL - 2024-04-21 20:27:12 --> CodeIgniter\Database\Exceptions\DatabaseException: You must set the database table to be used with your query.
in SYSTEMPATH\Database\BaseConnection.php on line 884.
 1 SYSTEMPATH\Model.php(663): CodeIgniter\Database\BaseConnection->table(null)
 2 SYSTEMPATH\Model.php(844): CodeIgniter\Model->builder()
 3 APPPATH\Models\ModeloNoticia.php(17): CodeIgniter\Model->__get('noticia')
 4 APPPATH\Controllers\Noticia.php(38): App\Models\ModeloNoticia->obtenerNoticias('4')
 5 SYSTEMPATH\CodeIgniter.php(943): App\Controllers\Noticia->detalleNoticia('4')
 6 SYSTEMPATH\CodeIgniter.php(503): CodeIgniter\CodeIgniter->runController(Object(App\Controllers\Noticia))
 7 SYSTEMPATH\CodeIgniter.php(361): CodeIgniter\CodeIgniter->handleRequest(null, Object(Config\Cache), false)
 8 FCPATH\index.php(79): CodeIgniter\CodeIgniter->run()
CRITICAL - 2024-04-21 20:29:40 --> ErrorException: Undefined array key "titulo"
in APPPATH\Views\noticias\detalleNoticia.php on line 2.
 1 APPPATH\Views\noticias\detalleNoticia.php(2): CodeIgniter\Debug\Exceptions->errorHandler(2, 'Undefined array key "titulo"', 'C:\\xampp\\htdocs\\codeigniter4\\app\\Views\\noticias\\detalleNoticia.php', 2)
 2 SYSTEMPATH\View\View.php(228): include('C:\\xampp\\htdocs\\codeigniter4\\app\\Views\\noticias\\detalleNoticia.php')
 3 SYSTEMPATH\View\View.php(231): CodeIgniter\View\View->CodeIgniter\View\{closure}()
 4 SYSTEMPATH\Common.php(1178): CodeIgniter\View\View->render('noticias/detalleNoticia', [], true)
 5 APPPATH\Controllers\Noticia.php(45): view('noticias/detalleNoticia')
 6 SYSTEMPATH\CodeIgniter.php(943): App\Controllers\Noticia->detalleNoticia('4')
 7 SYSTEMPATH\CodeIgniter.php(503): CodeIgniter\CodeIgniter->runController(Object(App\Controllers\Noticia))
 8 SYSTEMPATH\CodeIgniter.php(361): CodeIgniter\CodeIgniter->handleRequest(null, Object(Config\Cache), false)
 9 FCPATH\index.php(79): CodeIgniter\CodeIgniter->run()
CRITICAL - 2024-04-21 20:29:47 --> ErrorException: Undefined array key "titulo"
in APPPATH\Views\noticias\detalleNoticia.php on line 2.
 1 APPPATH\Views\noticias\detalleNoticia.php(2): CodeIgniter\Debug\Exceptions->errorHandler(2, 'Undefined array key "titulo"', 'C:\\xampp\\htdocs\\codeigniter4\\app\\Views\\noticias\\detalleNoticia.php', 2)
 2 SYSTEMPATH\View\View.php(228): include('C:\\xampp\\htdocs\\codeigniter4\\app\\Views\\noticias\\detalleNoticia.php')
 3 SYSTEMPATH\View\View.php(231): CodeIgniter\View\View->CodeIgniter\View\{closure}()
 4 SYSTEMPATH\Common.php(1178): CodeIgniter\View\View->render('noticias/detalleNoticia', [], true)
 5 APPPATH\Controllers\Noticia.php(45): view('noticias/detalleNoticia')
 6 SYSTEMPATH\CodeIgniter.php(943): App\Controllers\Noticia->detalleNoticia('4')
 7 SYSTEMPATH\CodeIgniter.php(503): CodeIgniter\CodeIgniter->runController(Object(App\Controllers\Noticia))
 8 SYSTEMPATH\CodeIgniter.php(361): CodeIgniter\CodeIgniter->handleRequest(null, Object(Config\Cache), false)
 9 FCPATH\index.php(79): CodeIgniter\CodeIgniter->run()
CRITICAL - 2024-04-21 20:36:02 --> Error: Call to undefined method CodeIgniter\Database\MySQLi\Builder::getRow()
in APPPATH\Models\ModeloNoticia.php on line 20.
 1 APPPATH\Controllers\Noticia.php(38): App\Models\ModeloNoticia->obtenerNoticias('4')
 2 SYSTEMPATH\CodeIgniter.php(943): App\Controllers\Noticia->detalleNoticia('4')
 3 SYSTEMPATH\CodeIgniter.php(503): CodeIgniter\CodeIgniter->runController(Object(App\Controllers\Noticia))
 4 SYSTEMPATH\CodeIgniter.php(361): CodeIgniter\CodeIgniter->handleRequest(null, Object(Config\Cache), false)
 5 FCPATH\index.php(79): CodeIgniter\CodeIgniter->run()
CRITICAL - 2024-04-21 20:44:00 --> ErrorException: Undefined variable $noticias
in APPPATH\Views\noticias\detalleNoticia.php on line 11.
 1 APPPATH\Views\noticias\detalleNoticia.php(11): CodeIgniter\Debug\Exceptions->errorHandler(2, 'Undefined variable $noticias', 'C:\\xampp\\htdocs\\codeigniter4\\app\\Views\\noticias\\detalleNoticia.php', 11)
 2 SYSTEMPATH\View\View.php(228): include('C:\\xampp\\htdocs\\codeigniter4\\app\\Views\\noticias\\detalleNoticia.php')
 3 SYSTEMPATH\View\View.php(231): CodeIgniter\View\View->CodeIgniter\View\{closure}()
 4 SYSTEMPATH\Common.php(1178): CodeIgniter\View\View->render('noticias/detalleNoticia', [], true)
 5 APPPATH\Controllers\Noticia.php(45): view('noticias/detalleNoticia')
 6 SYSTEMPATH\CodeIgniter.php(943): App\Controllers\Noticia->detalleNoticia('4')
 7 SYSTEMPATH\CodeIgniter.php(503): CodeIgniter\CodeIgniter->runController(Object(App\Controllers\Noticia))
 8 SYSTEMPATH\CodeIgniter.php(361): CodeIgniter\CodeIgniter->handleRequest(null, Object(Config\Cache), false)
 9 FCPATH\index.php(79): CodeIgniter\CodeIgniter->run()
CRITICAL - 2024-04-21 20:53:31 --> Error: Cannot use object of type stdClass as array
in APPPATH\Views\noticias\detalleNoticia.php on line 15.
 1 SYSTEMPATH\View\View.php(228): include()
 2 SYSTEMPATH\View\View.php(231): CodeIgniter\View\View->CodeIgniter\View\{closure}()
 3 SYSTEMPATH\Common.php(1178): CodeIgniter\View\View->render('noticias/detalleNoticia', [], true)
 4 APPPATH\Controllers\Noticia.php(45): view('noticias/detalleNoticia')
 5 SYSTEMPATH\CodeIgniter.php(943): App\Controllers\Noticia->detalleNoticia('4')
 6 SYSTEMPATH\CodeIgniter.php(503): CodeIgniter\CodeIgniter->runController(Object(App\Controllers\Noticia))
 7 SYSTEMPATH\CodeIgniter.php(361): CodeIgniter\CodeIgniter->handleRequest(null, Object(Config\Cache), false)
 8 FCPATH\index.php(79): CodeIgniter\CodeIgniter->run()
CRITICAL - 2024-04-21 20:55:18 --> Error: Cannot use object of type stdClass as array
in APPPATH\Views\noticias\detalleNoticia.php on line 18.
 1 SYSTEMPATH\View\View.php(228): include()
 2 SYSTEMPATH\View\View.php(231): CodeIgniter\View\View->CodeIgniter\View\{closure}()
 3 SYSTEMPATH\Common.php(1178): CodeIgniter\View\View->render('noticias/detalleNoticia', [], true)
 4 APPPATH\Controllers\Noticia.php(45): view('noticias/detalleNoticia')
 5 SYSTEMPATH\CodeIgniter.php(943): App\Controllers\Noticia->detalleNoticia('4')
 6 SYSTEMPATH\CodeIgniter.php(503): CodeIgniter\CodeIgniter->runController(Object(App\Controllers\Noticia))
 7 SYSTEMPATH\CodeIgniter.php(361): CodeIgniter\CodeIgniter->handleRequest(null, Object(Config\Cache), false)
 8 FCPATH\index.php(79): CodeIgniter\CodeIgniter->run()
CRITICAL - 2024-04-21 20:55:34 --> ErrorException: Undefined variable $id
in APPPATH\Views\noticias\detalleNoticia.php on line 18.
 1 APPPATH\Views\noticias\detalleNoticia.php(18): CodeIgniter\Debug\Exceptions->errorHandler(2, 'Undefined variable $id', 'C:\\xampp\\htdocs\\codeigniter4\\app\\Views\\noticias\\detalleNoticia.php', 18)
 2 SYSTEMPATH\View\View.php(228): include('C:\\xampp\\htdocs\\codeigniter4\\app\\Views\\noticias\\detalleNoticia.php')
 3 SYSTEMPATH\View\View.php(231): CodeIgniter\View\View->CodeIgniter\View\{closure}()
 4 SYSTEMPATH\Common.php(1178): CodeIgniter\View\View->render('noticias/detalleNoticia', [], true)
 5 APPPATH\Controllers\Noticia.php(45): view('noticias/detalleNoticia')
 6 SYSTEMPATH\CodeIgniter.php(943): App\Controllers\Noticia->detalleNoticia('4')
 7 SYSTEMPATH\CodeIgniter.php(503): CodeIgniter\CodeIgniter->runController(Object(App\Controllers\Noticia))
 8 SYSTEMPATH\CodeIgniter.php(361): CodeIgniter\CodeIgniter->handleRequest(null, Object(Config\Cache), false)
 9 FCPATH\index.php(79): CodeIgniter\CodeIgniter->run()
CRITICAL - 2024-04-21 20:55:58 --> ErrorException: Undefined variable $id_noticia
in APPPATH\Views\noticias\detalleNoticia.php on line 18.
 1 APPPATH\Views\noticias\detalleNoticia.php(18): CodeIgniter\Debug\Exceptions->errorHandler(2, 'Undefined variable $id_noticia', 'C:\\xampp\\htdocs\\codeigniter4\\app\\Views\\noticias\\detalleNoticia.php', 18)
 2 SYSTEMPATH\View\View.php(228): include('C:\\xampp\\htdocs\\codeigniter4\\app\\Views\\noticias\\detalleNoticia.php')
 3 SYSTEMPATH\View\View.php(231): CodeIgniter\View\View->CodeIgniter\View\{closure}()
 4 SYSTEMPATH\Common.php(1178): CodeIgniter\View\View->render('noticias/detalleNoticia', [], true)
 5 APPPATH\Controllers\Noticia.php(45): view('noticias/detalleNoticia')
 6 SYSTEMPATH\CodeIgniter.php(943): App\Controllers\Noticia->detalleNoticia('4')
 7 SYSTEMPATH\CodeIgniter.php(503): CodeIgniter\CodeIgniter->runController(Object(App\Controllers\Noticia))
 8 SYSTEMPATH\CodeIgniter.php(361): CodeIgniter\CodeIgniter->handleRequest(null, Object(Config\Cache), false)
 9 FCPATH\index.php(79): CodeIgniter\CodeIgniter->run()
CRITICAL - 2024-04-21 21:29:54 --> ErrorException: Undefined variable $resultado
in APPPATH\Views\noticias\index.php on line 50.
 1 APPPATH\Views\noticias\index.php(50): CodeIgniter\Debug\Exceptions->errorHandler(2, 'Undefined variable $resultado', 'C:\\xampp\\htdocs\\codeigniter4\\app\\Views\\noticias\\index.php', 50)
 2 SYSTEMPATH\View\View.php(228): include('C:\\xampp\\htdocs\\codeigniter4\\app\\Views\\noticias\\index.php')
 3 SYSTEMPATH\View\View.php(231): CodeIgniter\View\View->CodeIgniter\View\{closure}()
 4 SYSTEMPATH\Common.php(1178): CodeIgniter\View\View->render('noticias/index', [], true)
 5 APPPATH\Controllers\Noticia.php(28): view('noticias/index')
 6 SYSTEMPATH\CodeIgniter.php(943): App\Controllers\Noticia->index()
 7 SYSTEMPATH\CodeIgniter.php(503): CodeIgniter\CodeIgniter->runController(Object(App\Controllers\Noticia))
 8 SYSTEMPATH\CodeIgniter.php(361): CodeIgniter\CodeIgniter->handleRequest(null, Object(Config\Cache), false)
 9 FCPATH\index.php(79): CodeIgniter\CodeIgniter->run()
INFO - 2024-04-21 23:38:17 --> Session: Class initialized using 'CodeIgniter\Session\Handlers\FileHandler' driver.
INFO - 2024-04-21 23:38:34 --> CSRF token verified.
CRITICAL - 2024-04-21 23:38:34 --> CodeIgniter\Database\Exceptions\DataException: There is no data to insert.
in SYSTEMPATH\BaseModel.php on line 788.
 1 SYSTEMPATH\BaseModel.php(788): CodeIgniter\Database\Exceptions\DataException::forEmptyDataset('insert')
 2 SYSTEMPATH\Model.php(749): CodeIgniter\BaseModel->insert([], true)
 3 APPPATH\Controllers\Noticia.php(77): CodeIgniter\Model->insert([...])
 4 SYSTEMPATH\CodeIgniter.php(943): App\Controllers\Noticia->crear()
 5 SYSTEMPATH\CodeIgniter.php(503): CodeIgniter\CodeIgniter->runController(Object(App\Controllers\Noticia))
 6 SYSTEMPATH\CodeIgniter.php(361): CodeIgniter\CodeIgniter->handleRequest(null, Object(Config\Cache), false)
 7 FCPATH\index.php(79): CodeIgniter\CodeIgniter->run()
INFO - 2024-04-21 23:40:05 --> Session: Class initialized using 'CodeIgniter\Session\Handlers\FileHandler' driver.
INFO - 2024-04-21 23:40:16 --> CSRF token verified.
INFO - 2024-04-21 23:40:16 --> Session: Class initialized using 'CodeIgniter\Session\Handlers\FileHandler' driver.
INFO - 2024-04-21 23:42:21 --> CSRF token verified.
CRITICAL - 2024-04-21 23:42:21 --> CodeIgniter\Database\Exceptions\DataException: There is no data to insert.
in SYSTEMPATH\BaseModel.php on line 788.
 1 SYSTEMPATH\BaseModel.php(788): CodeIgniter\Database\Exceptions\DataException::forEmptyDataset('insert')
 2 SYSTEMPATH\Model.php(749): CodeIgniter\BaseModel->insert([], true)
 3 APPPATH\Controllers\Noticia.php(77): CodeIgniter\Model->insert([...])
 4 SYSTEMPATH\CodeIgniter.php(943): App\Controllers\Noticia->crear()
 5 SYSTEMPATH\CodeIgniter.php(503): CodeIgniter\CodeIgniter->runController(Object(App\Controllers\Noticia))
 6 SYSTEMPATH\CodeIgniter.php(361): CodeIgniter\CodeIgniter->handleRequest(null, Object(Config\Cache), false)
 7 FCPATH\index.php(79): CodeIgniter\CodeIgniter->run()
INFO - 2024-04-21 23:44:26 --> CSRF token verified.
CRITICAL - 2024-04-21 23:44:26 --> CodeIgniter\Database\Exceptions\DataException: Allowed fields must be specified for model: "App\Models\ModeloBorrador"
in SYSTEMPATH\Model.php on line 771.
 1 SYSTEMPATH\Model.php(771): CodeIgniter\Database\Exceptions\DataException::forInvalidAllowedFields('App\\Models\\ModeloBorrador')
 2 SYSTEMPATH\BaseModel.php(783): CodeIgniter\Model->doProtectFieldsForInsert([...])
 3 SYSTEMPATH\Model.php(749): CodeIgniter\BaseModel->insert([...], false)
 4 SYSTEMPATH\BaseModel.php(713): CodeIgniter\Model->insert([...], false)
 5 APPPATH\Controllers\Noticia.php(83): CodeIgniter\BaseModel->save([...])
 6 SYSTEMPATH\CodeIgniter.php(943): App\Controllers\Noticia->crear()
 7 SYSTEMPATH\CodeIgniter.php(503): CodeIgniter\CodeIgniter->runController(Object(App\Controllers\Noticia))
 8 SYSTEMPATH\CodeIgniter.php(361): CodeIgniter\CodeIgniter->handleRequest(null, Object(Config\Cache), false)
 9 FCPATH\index.php(79): CodeIgniter\CodeIgniter->run()
INFO - 2024-04-21 23:45:44 --> CSRF token verified.
CRITICAL - 2024-04-21 23:45:44 --> CodeIgniter\Database\Exceptions\DatabaseException: You must set the database table to be used with your query.
in SYSTEMPATH\Database\BaseConnection.php on line 884.
 1 SYSTEMPATH\Model.php(663): CodeIgniter\Database\BaseConnection->table(null)
 2 SYSTEMPATH\Model.php(294): CodeIgniter\Model->builder()
 3 SYSTEMPATH\BaseModel.php(802): CodeIgniter\Model->doInsert([...])
 4 SYSTEMPATH\Model.php(749): CodeIgniter\BaseModel->insert([...], false)
 5 SYSTEMPATH\BaseModel.php(713): CodeIgniter\Model->insert([...], false)
 6 APPPATH\Controllers\Noticia.php(83): CodeIgniter\BaseModel->save([...])
 7 SYSTEMPATH\CodeIgniter.php(943): App\Controllers\Noticia->crear()
 8 SYSTEMPATH\CodeIgniter.php(503): CodeIgniter\CodeIgniter->runController(Object(App\Controllers\Noticia))
 9 SYSTEMPATH\CodeIgniter.php(361): CodeIgniter\CodeIgniter->handleRequest(null, Object(Config\Cache), false)
10 FCPATH\index.php(79): CodeIgniter\CodeIgniter->run()
INFO - 2024-04-21 23:46:50 --> CSRF token verified.
ERROR - 2024-04-21 23:46:50 --> mysqli_sql_exception: Cannot add or update a child row: a foreign key constraint fails (`noticias`.`borrador`, CONSTRAINT `borrador_ibfk_1` FOREIGN KEY (`id_noticia`) REFERENCES `noticia` (`id`)) in C:\xampp\htdocs\codeigniter4\system\Database\MySQLi\Connection.php:306
Stack trace:
#0 C:\xampp\htdocs\codeigniter4\system\Database\MySQLi\Connection.php(306): mysqli->query('INSERT INTO `bo...', 0)
#1 C:\xampp\htdocs\codeigniter4\system\Database\BaseConnection.php(693): CodeIgniter\Database\MySQLi\Connection->execute('INSERT INTO `bo...')
#2 C:\xampp\htdocs\codeigniter4\system\Database\BaseConnection.php(607): CodeIgniter\Database\BaseConnection->simpleQuery('INSERT INTO `bo...')
#3 C:\xampp\htdocs\codeigniter4\system\Database\BaseBuilder.php(2307): CodeIgniter\Database\BaseConnection->query('INSERT INTO `bo...', Array, false)
#4 C:\xampp\htdocs\codeigniter4\system\Model.php(327): CodeIgniter\Database\BaseBuilder->insert()
#5 C:\xampp\htdocs\codeigniter4\system\BaseModel.php(802): CodeIgniter\Model->doInsert(Array)
#6 C:\xampp\htdocs\codeigniter4\system\Model.php(749): CodeIgniter\BaseModel->insert(Array, false)
#7 C:\xampp\htdocs\codeigniter4\system\BaseModel.php(713): CodeIgniter\Model->insert(Array, false)
#8 C:\xampp\htdocs\codeigniter4\app\Controllers\Noticia.php(83): CodeIgniter\BaseModel->save(Array)
#9 C:\xampp\htdocs\codeigniter4\system\CodeIgniter.php(943): App\Controllers\Noticia->crear()
#10 C:\xampp\htdocs\codeigniter4\system\CodeIgniter.php(503): CodeIgniter\CodeIgniter->runController(Object(App\Controllers\Noticia))
#11 C:\xampp\htdocs\codeigniter4\system\CodeIgniter.php(361): CodeIgniter\CodeIgniter->handleRequest(NULL, Object(Config\Cache), false)
#12 C:\xampp\htdocs\codeigniter4\public\index.php(79): CodeIgniter\CodeIgniter->run()
#13 {main}
CRITICAL - 2024-04-21 23:46:50 --> CodeIgniter\Database\Exceptions\DatabaseException: Cannot add or update a child row: a foreign key constraint fails (`noticias`.`borrador`, CONSTRAINT `borrador_ibfk_1` FOREIGN KEY (`id_noticia`) REFERENCES `noticia` (`id`))
in SYSTEMPATH\Database\BaseConnection.php on line 647.
 1 SYSTEMPATH\Database\BaseBuilder.php(2307): CodeIgniter\Database\BaseConnection->query('INSERT INTO `borrador` (`titulo`, `categoria`, `descripcion`) VALUES (:titulo:, :categoria:, :descripcion:)', [...], false)
 2 SYSTEMPATH\Model.php(327): CodeIgniter\Database\BaseBuilder->insert()
 3 SYSTEMPATH\BaseModel.php(802): CodeIgniter\Model->doInsert([...])
 4 SYSTEMPATH\Model.php(749): CodeIgniter\BaseModel->insert([...], false)
 5 SYSTEMPATH\BaseModel.php(713): CodeIgniter\Model->insert([...], false)
 6 APPPATH\Controllers\Noticia.php(83): CodeIgniter\BaseModel->save([...])
 7 SYSTEMPATH\CodeIgniter.php(943): App\Controllers\Noticia->crear()
 8 SYSTEMPATH\CodeIgniter.php(503): CodeIgniter\CodeIgniter->runController(Object(App\Controllers\Noticia))
 9 SYSTEMPATH\CodeIgniter.php(361): CodeIgniter\CodeIgniter->handleRequest(null, Object(Config\Cache), false)
10 FCPATH\index.php(79): CodeIgniter\CodeIgniter->run()
CRITICAL - 2024-04-21 23:46:50 --> [Caused by] CodeIgniter\Database\Exceptions\DatabaseException: Cannot add or update a child row: a foreign key constraint fails (`noticias`.`borrador`, CONSTRAINT `borrador_ibfk_1` FOREIGN KEY (`id_noticia`) REFERENCES `noticia` (`id`))
in SYSTEMPATH\Database\MySQLi\Connection.php on line 311.
 1 SYSTEMPATH\Database\BaseConnection.php(693): CodeIgniter\Database\MySQLi\Connection->execute('INSERT INTO `borrador` (`titulo`, `categoria`, `descripcion`) VALUES (\'ljhkgch\', \'dsf\', \'ljdgl.dkfhmbdg\')')
 2 SYSTEMPATH\Database\BaseConnection.php(607): CodeIgniter\Database\BaseConnection->simpleQuery('INSERT INTO `borrador` (`titulo`, `categoria`, `descripcion`) VALUES (\'ljhkgch\', \'dsf\', \'ljdgl.dkfhmbdg\')')
 3 SYSTEMPATH\Database\BaseBuilder.php(2307): CodeIgniter\Database\BaseConnection->query('INSERT INTO `borrador` (`titulo`, `categoria`, `descripcion`) VALUES (:titulo:, :categoria:, :descripcion:)', [...], false)
 4 SYSTEMPATH\Model.php(327): CodeIgniter\Database\BaseBuilder->insert()
 5 SYSTEMPATH\BaseModel.php(802): CodeIgniter\Model->doInsert([...])
 6 SYSTEMPATH\Model.php(749): CodeIgniter\BaseModel->insert([...], false)
 7 SYSTEMPATH\BaseModel.php(713): CodeIgniter\Model->insert([...], false)
 8 APPPATH\Controllers\Noticia.php(83): CodeIgniter\BaseModel->save([...])
 9 SYSTEMPATH\CodeIgniter.php(943): App\Controllers\Noticia->crear()
10 SYSTEMPATH\CodeIgniter.php(503): CodeIgniter\CodeIgniter->runController(Object(App\Controllers\Noticia))
11 SYSTEMPATH\CodeIgniter.php(361): CodeIgniter\CodeIgniter->handleRequest(null, Object(Config\Cache), false)
12 FCPATH\index.php(79): CodeIgniter\CodeIgniter->run()
CRITICAL - 2024-04-21 23:46:50 --> [Caused by] mysqli_sql_exception: Cannot add or update a child row: a foreign key constraint fails (`noticias`.`borrador`, CONSTRAINT `borrador_ibfk_1` FOREIGN KEY (`id_noticia`) REFERENCES `noticia` (`id`))
in SYSTEMPATH\Database\MySQLi\Connection.php on line 306.
 1 SYSTEMPATH\Database\MySQLi\Connection.php(306): mysqli->query('INSERT INTO `borrador` (`titulo`, `categoria`, `descripcion`) VALUES (\'ljhkgch\', \'dsf\', \'ljdgl.dkfhmbdg\')', 0)
 2 SYSTEMPATH\Database\BaseConnection.php(693): CodeIgniter\Database\MySQLi\Connection->execute('INSERT INTO `borrador` (`titulo`, `categoria`, `descripcion`) VALUES (\'ljhkgch\', \'dsf\', \'ljdgl.dkfhmbdg\')')
 3 SYSTEMPATH\Database\BaseConnection.php(607): CodeIgniter\Database\BaseConnection->simpleQuery('INSERT INTO `borrador` (`titulo`, `categoria`, `descripcion`) VALUES (\'ljhkgch\', \'dsf\', \'ljdgl.dkfhmbdg\')')
 4 SYSTEMPATH\Database\BaseBuilder.php(2307): CodeIgniter\Database\BaseConnection->query('INSERT INTO `borrador` (`titulo`, `categoria`, `descripcion`) VALUES (:titulo:, :categoria:, :descripcion:)', [...], false)
 5 SYSTEMPATH\Model.php(327): CodeIgniter\Database\BaseBuilder->insert()
 6 SYSTEMPATH\BaseModel.php(802): CodeIgniter\Model->doInsert([...])
 7 SYSTEMPATH\Model.php(749): CodeIgniter\BaseModel->insert([...], false)
 8 SYSTEMPATH\BaseModel.php(713): CodeIgniter\Model->insert([...], false)
 9 APPPATH\Controllers\Noticia.php(83): CodeIgniter\BaseModel->save([...])
10 SYSTEMPATH\CodeIgniter.php(943): App\Controllers\Noticia->crear()
11 SYSTEMPATH\CodeIgniter.php(503): CodeIgniter\CodeIgniter->runController(Object(App\Controllers\Noticia))
12 SYSTEMPATH\CodeIgniter.php(361): CodeIgniter\CodeIgniter->handleRequest(null, Object(Config\Cache), false)
13 FCPATH\index.php(79): CodeIgniter\CodeIgniter->run()
INFO - 2024-04-21 23:48:27 --> CSRF token verified.
INFO - 2024-04-21 23:50:10 --> Session: Class initialized using 'CodeIgniter\Session\Handlers\FileHandler' driver.
INFO - 2024-04-21 23:50:42 --> CSRF token verified.
