INFO - 2024-05-11 00:04:53 --> Session: Class initialized using 'CodeIgniter\Session\Handlers\FileHandler' driver.
INFO - 2024-05-11 00:05:31 --> Session: Class initialized using 'CodeIgniter\Session\Handlers\FileHandler' driver.
INFO - 2024-05-11 00:05:31 --> Session: Class initialized using 'CodeIgniter\Session\Handlers\FileHandler' driver.
INFO - 2024-05-11 00:05:43 --> Session: Class initialized using 'CodeIgniter\Session\Handlers\FileHandler' driver.
INFO - 2024-05-11 00:05:43 --> Session: Class initialized using 'CodeIgniter\Session\Handlers\FileHandler' driver.
INFO - 2024-05-11 00:10:49 --> Session: Class initialized using 'CodeIgniter\Session\Handlers\FileHandler' driver.
INFO - 2024-05-11 00:12:48 --> Session: Class initialized using 'CodeIgniter\Session\Handlers\FileHandler' driver.
INFO - 2024-05-11 00:12:49 --> Session: Class initialized using 'CodeIgniter\Session\Handlers\FileHandler' driver.
INFO - 2024-05-11 00:12:50 --> Session: Class initialized using 'CodeIgniter\Session\Handlers\FileHandler' driver.
INFO - 2024-05-11 00:14:29 --> Session: Class initialized using 'CodeIgniter\Session\Handlers\FileHandler' driver.
INFO - 2024-05-11 00:17:24 --> Session: Class initialized using 'CodeIgniter\Session\Handlers\FileHandler' driver.
INFO - 2024-05-11 00:26:35 --> Session: Class initialized using 'CodeIgniter\Session\Handlers\FileHandler' driver.
INFO - 2024-05-11 00:26:37 --> Session: Class initialized using 'CodeIgniter\Session\Handlers\FileHandler' driver.
ERROR - 2024-05-11 00:26:37 --> mysqli_sql_exception: You have an error in your SQL syntax; check the manual that corresponds to your MariaDB server version for the right syntax to use near '.`id_usuario`
FROM `noticia`
JOIN `borrador` ON `noticia`.`id` = `borrador`.`...' at line 1 in C:\xampp\htdocs\codeigniter4\system\Database\MySQLi\Connection.php:306
Stack trace:
#0 C:\xampp\htdocs\codeigniter4\system\Database\MySQLi\Connection.php(306): mysqli->query('SELECT `noticia...', 0)
#1 C:\xampp\htdocs\codeigniter4\system\Database\BaseConnection.php(693): CodeIgniter\Database\MySQLi\Connection->execute('SELECT `noticia...')
#2 C:\xampp\htdocs\codeigniter4\system\Database\BaseConnection.php(607): CodeIgniter\Database\BaseConnection->simpleQuery('SELECT `noticia...')
#3 C:\xampp\htdocs\codeigniter4\system\Database\BaseBuilder.php(1616): CodeIgniter\Database\BaseConnection->query('SELECT `noticia...', Array, false)
#4 C:\xampp\htdocs\codeigniter4\app\Models\ModeloNoticia.php(46): CodeIgniter\Database\BaseBuilder->get()
#5 C:\xampp\htdocs\codeigniter4\app\Controllers\Noticia.php(694): App\Models\ModeloNoticia->obtenerNoticias('35')
#6 C:\xampp\htdocs\codeigniter4\system\CodeIgniter.php(943): App\Controllers\Noticia->detalleNoticiaParaValidar('35')
#7 C:\xampp\htdocs\codeigniter4\system\CodeIgniter.php(503): CodeIgniter\CodeIgniter->runController(Object(App\Controllers\Noticia))
#8 C:\xampp\htdocs\codeigniter4\system\CodeIgniter.php(361): CodeIgniter\CodeIgniter->handleRequest(NULL, Object(Config\Cache), false)
#9 C:\xampp\htdocs\codeigniter4\public\index.php(79): CodeIgniter\CodeIgniter->run()
#10 {main}
CRITICAL - 2024-05-11 00:26:37 --> CodeIgniter\Database\Exceptions\DatabaseException: You have an error in your SQL syntax; check the manual that corresponds to your MariaDB server version for the right syntax to use near '.`id_usuario`
FROM `noticia`
JOIN `borrador` ON `noticia`.`id` = `borrador`.`...' at line 1
in SYSTEMPATH\Database\BaseConnection.php on line 647.
 1 SYSTEMPATH\Database\BaseBuilder.php(1616): CodeIgniter\Database\BaseConnection->query('SELECT `noticia`.`id` as `id`, `noticia`.`es_activo`, `borrador`.`fecha_modificacion` as `fecha`, `borrador`.`titulo`, `borrador`.`descripcion`, `borrador`.`id` as `id_borrador`, `borrador`.`imagen`, `categoria`.`nombre` as `categoria`, `borrador`.`id_categoria`, `estado_noticia`.`id_estado` `estado_noticia`.`id_usuario`
FROM `noticia`
JOIN `borrador` ON `noticia`.`id` = `borrador`.`id_noticia`
JOIN `categoria` ON `categoria`.`id` = `borrador`.`id_categoria`
JOIN `estado_noticia` ON `estado_noticia`.`id_noticia` = `noticia`.`id`
WHERE `noticia`.`id` = :noticia.id:
AND borrador.fecha_modificacion = (SELECT MAX(fecha_modificacion) FROM borrador WHERE noticia.id = `borrador`.`id_noticia`)
AND estado_noticia.fecha = (SELECT MAX(fecha) 
                                    FROM estado_noticia 
                                    WHERE estado_noticia.id_noticia = noticia.id)', [...], false)
 2 APPPATH\Models\ModeloNoticia.php(46): CodeIgniter\Database\BaseBuilder->get()
 3 APPPATH\Controllers\Noticia.php(694): App\Models\ModeloNoticia->obtenerNoticias('35')
 4 SYSTEMPATH\CodeIgniter.php(943): App\Controllers\Noticia->detalleNoticiaParaValidar('35')
 5 SYSTEMPATH\CodeIgniter.php(503): CodeIgniter\CodeIgniter->runController(Object(App\Controllers\Noticia))
 6 SYSTEMPATH\CodeIgniter.php(361): CodeIgniter\CodeIgniter->handleRequest(null, Object(Config\Cache), false)
 7 FCPATH\index.php(79): CodeIgniter\CodeIgniter->run()
CRITICAL - 2024-05-11 00:26:37 --> [Caused by] CodeIgniter\Database\Exceptions\DatabaseException: You have an error in your SQL syntax; check the manual that corresponds to your MariaDB server version for the right syntax to use near '.`id_usuario`
FROM `noticia`
JOIN `borrador` ON `noticia`.`id` = `borrador`.`...' at line 1
in SYSTEMPATH\Database\MySQLi\Connection.php on line 311.
 1 SYSTEMPATH\Database\BaseConnection.php(693): CodeIgniter\Database\MySQLi\Connection->execute('SELECT `noticia`.`id` as `id`, `noticia`.`es_activo`, `borrador`.`fecha_modificacion` as `fecha`, `borrador`.`titulo`, `borrador`.`descripcion`, `borrador`.`id` as `id_borrador`, `borrador`.`imagen`, `categoria`.`nombre` as `categoria`, `borrador`.`id_categoria`, `estado_noticia`.`id_estado` `estado_noticia`.`id_usuario`
FROM `noticia`
JOIN `borrador` ON `noticia`.`id` = `borrador`.`id_noticia`
JOIN `categoria` ON `categoria`.`id` = `borrador`.`id_categoria`
JOIN `estado_noticia` ON `estado_noticia`.`id_noticia` = `noticia`.`id`
WHERE `noticia`.`id` = \'35\'
AND borrador.fecha_modificacion = (SELECT MAX(fecha_modificacion) FROM borrador WHERE noticia.id = `borrador`.`id_noticia`)
AND estado_noticia.fecha = (SELECT MAX(fecha) 
                                    FROM estado_noticia 
                                    WHERE estado_noticia.id_noticia = noticia.id)')
 2 SYSTEMPATH\Database\BaseConnection.php(607): CodeIgniter\Database\BaseConnection->simpleQuery('SELECT `noticia`.`id` as `id`, `noticia`.`es_activo`, `borrador`.`fecha_modificacion` as `fecha`, `borrador`.`titulo`, `borrador`.`descripcion`, `borrador`.`id` as `id_borrador`, `borrador`.`imagen`, `categoria`.`nombre` as `categoria`, `borrador`.`id_categoria`, `estado_noticia`.`id_estado` `estado_noticia`.`id_usuario`
FROM `noticia`
JOIN `borrador` ON `noticia`.`id` = `borrador`.`id_noticia`
JOIN `categoria` ON `categoria`.`id` = `borrador`.`id_categoria`
JOIN `estado_noticia` ON `estado_noticia`.`id_noticia` = `noticia`.`id`
WHERE `noticia`.`id` = \'35\'
AND borrador.fecha_modificacion = (SELECT MAX(fecha_modificacion) FROM borrador WHERE noticia.id = `borrador`.`id_noticia`)
AND estado_noticia.fecha = (SELECT MAX(fecha) 
                                    FROM estado_noticia 
                                    WHERE estado_noticia.id_noticia = noticia.id)')
 3 SYSTEMPATH\Database\BaseBuilder.php(1616): CodeIgniter\Database\BaseConnection->query('SELECT `noticia`.`id` as `id`, `noticia`.`es_activo`, `borrador`.`fecha_modificacion` as `fecha`, `borrador`.`titulo`, `borrador`.`descripcion`, `borrador`.`id` as `id_borrador`, `borrador`.`imagen`, `categoria`.`nombre` as `categoria`, `borrador`.`id_categoria`, `estado_noticia`.`id_estado` `estado_noticia`.`id_usuario`
FROM `noticia`
JOIN `borrador` ON `noticia`.`id` = `borrador`.`id_noticia`
JOIN `categoria` ON `categoria`.`id` = `borrador`.`id_categoria`
JOIN `estado_noticia` ON `estado_noticia`.`id_noticia` = `noticia`.`id`
WHERE `noticia`.`id` = :noticia.id:
AND borrador.fecha_modificacion = (SELECT MAX(fecha_modificacion) FROM borrador WHERE noticia.id = `borrador`.`id_noticia`)
AND estado_noticia.fecha = (SELECT MAX(fecha) 
                                    FROM estado_noticia 
                                    WHERE estado_noticia.id_noticia = noticia.id)', [...], false)
 4 APPPATH\Models\ModeloNoticia.php(46): CodeIgniter\Database\BaseBuilder->get()
 5 APPPATH\Controllers\Noticia.php(694): App\Models\ModeloNoticia->obtenerNoticias('35')
 6 SYSTEMPATH\CodeIgniter.php(943): App\Controllers\Noticia->detalleNoticiaParaValidar('35')
 7 SYSTEMPATH\CodeIgniter.php(503): CodeIgniter\CodeIgniter->runController(Object(App\Controllers\Noticia))
 8 SYSTEMPATH\CodeIgniter.php(361): CodeIgniter\CodeIgniter->handleRequest(null, Object(Config\Cache), false)
 9 FCPATH\index.php(79): CodeIgniter\CodeIgniter->run()
CRITICAL - 2024-05-11 00:26:37 --> [Caused by] mysqli_sql_exception: You have an error in your SQL syntax; check the manual that corresponds to your MariaDB server version for the right syntax to use near '.`id_usuario`
FROM `noticia`
JOIN `borrador` ON `noticia`.`id` = `borrador`.`...' at line 1
in SYSTEMPATH\Database\MySQLi\Connection.php on line 306.
 1 SYSTEMPATH\Database\MySQLi\Connection.php(306): mysqli->query('SELECT `noticia`.`id` as `id`, `noticia`.`es_activo`, `borrador`.`fecha_modificacion` as `fecha`, `borrador`.`titulo`, `borrador`.`descripcion`, `borrador`.`id` as `id_borrador`, `borrador`.`imagen`, `categoria`.`nombre` as `categoria`, `borrador`.`id_categoria`, `estado_noticia`.`id_estado` `estado_noticia`.`id_usuario`
FROM `noticia`
JOIN `borrador` ON `noticia`.`id` = `borrador`.`id_noticia`
JOIN `categoria` ON `categoria`.`id` = `borrador`.`id_categoria`
JOIN `estado_noticia` ON `estado_noticia`.`id_noticia` = `noticia`.`id`
WHERE `noticia`.`id` = \'35\'
AND borrador.fecha_modificacion = (SELECT MAX(fecha_modificacion) FROM borrador WHERE noticia.id = `borrador`.`id_noticia`)
AND estado_noticia.fecha = (SELECT MAX(fecha) 
                                    FROM estado_noticia 
                                    WHERE estado_noticia.id_noticia = noticia.id)', 0)
 2 SYSTEMPATH\Database\BaseConnection.php(693): CodeIgniter\Database\MySQLi\Connection->execute('SELECT `noticia`.`id` as `id`, `noticia`.`es_activo`, `borrador`.`fecha_modificacion` as `fecha`, `borrador`.`titulo`, `borrador`.`descripcion`, `borrador`.`id` as `id_borrador`, `borrador`.`imagen`, `categoria`.`nombre` as `categoria`, `borrador`.`id_categoria`, `estado_noticia`.`id_estado` `estado_noticia`.`id_usuario`
FROM `noticia`
JOIN `borrador` ON `noticia`.`id` = `borrador`.`id_noticia`
JOIN `categoria` ON `categoria`.`id` = `borrador`.`id_categoria`
JOIN `estado_noticia` ON `estado_noticia`.`id_noticia` = `noticia`.`id`
WHERE `noticia`.`id` = \'35\'
AND borrador.fecha_modificacion = (SELECT MAX(fecha_modificacion) FROM borrador WHERE noticia.id = `borrador`.`id_noticia`)
AND estado_noticia.fecha = (SELECT MAX(fecha) 
                                    FROM estado_noticia 
                                    WHERE estado_noticia.id_noticia = noticia.id)')
 3 SYSTEMPATH\Database\BaseConnection.php(607): CodeIgniter\Database\BaseConnection->simpleQuery('SELECT `noticia`.`id` as `id`, `noticia`.`es_activo`, `borrador`.`fecha_modificacion` as `fecha`, `borrador`.`titulo`, `borrador`.`descripcion`, `borrador`.`id` as `id_borrador`, `borrador`.`imagen`, `categoria`.`nombre` as `categoria`, `borrador`.`id_categoria`, `estado_noticia`.`id_estado` `estado_noticia`.`id_usuario`
FROM `noticia`
JOIN `borrador` ON `noticia`.`id` = `borrador`.`id_noticia`
JOIN `categoria` ON `categoria`.`id` = `borrador`.`id_categoria`
JOIN `estado_noticia` ON `estado_noticia`.`id_noticia` = `noticia`.`id`
WHERE `noticia`.`id` = \'35\'
AND borrador.fecha_modificacion = (SELECT MAX(fecha_modificacion) FROM borrador WHERE noticia.id = `borrador`.`id_noticia`)
AND estado_noticia.fecha = (SELECT MAX(fecha) 
                                    FROM estado_noticia 
                                    WHERE estado_noticia.id_noticia = noticia.id)')
 4 SYSTEMPATH\Database\BaseBuilder.php(1616): CodeIgniter\Database\BaseConnection->query('SELECT `noticia`.`id` as `id`, `noticia`.`es_activo`, `borrador`.`fecha_modificacion` as `fecha`, `borrador`.`titulo`, `borrador`.`descripcion`, `borrador`.`id` as `id_borrador`, `borrador`.`imagen`, `categoria`.`nombre` as `categoria`, `borrador`.`id_categoria`, `estado_noticia`.`id_estado` `estado_noticia`.`id_usuario`
FROM `noticia`
JOIN `borrador` ON `noticia`.`id` = `borrador`.`id_noticia`
JOIN `categoria` ON `categoria`.`id` = `borrador`.`id_categoria`
JOIN `estado_noticia` ON `estado_noticia`.`id_noticia` = `noticia`.`id`
WHERE `noticia`.`id` = :noticia.id:
AND borrador.fecha_modificacion = (SELECT MAX(fecha_modificacion) FROM borrador WHERE noticia.id = `borrador`.`id_noticia`)
AND estado_noticia.fecha = (SELECT MAX(fecha) 
                                    FROM estado_noticia 
                                    WHERE estado_noticia.id_noticia = noticia.id)', [...], false)
 5 APPPATH\Models\ModeloNoticia.php(46): CodeIgniter\Database\BaseBuilder->get()
 6 APPPATH\Controllers\Noticia.php(694): App\Models\ModeloNoticia->obtenerNoticias('35')
 7 SYSTEMPATH\CodeIgniter.php(943): App\Controllers\Noticia->detalleNoticiaParaValidar('35')
 8 SYSTEMPATH\CodeIgniter.php(503): CodeIgniter\CodeIgniter->runController(Object(App\Controllers\Noticia))
 9 SYSTEMPATH\CodeIgniter.php(361): CodeIgniter\CodeIgniter->handleRequest(null, Object(Config\Cache), false)
10 FCPATH\index.php(79): CodeIgniter\CodeIgniter->run()
INFO - 2024-05-11 00:27:13 --> Session: Class initialized using 'CodeIgniter\Session\Handlers\FileHandler' driver.
INFO - 2024-05-11 00:27:32 --> Session: Class initialized using 'CodeIgniter\Session\Handlers\FileHandler' driver.
INFO - 2024-05-11 00:27:35 --> Session: Class initialized using 'CodeIgniter\Session\Handlers\FileHandler' driver.
INFO - 2024-05-11 00:27:40 --> CSRF token verified.
INFO - 2024-05-11 00:27:40 --> Session: Class initialized using 'CodeIgniter\Session\Handlers\FileHandler' driver.
INFO - 2024-05-11 00:27:40 --> Session: Class initialized using 'CodeIgniter\Session\Handlers\FileHandler' driver.
INFO - 2024-05-11 00:27:47 --> Session: Class initialized using 'CodeIgniter\Session\Handlers\FileHandler' driver.
INFO - 2024-05-11 00:29:08 --> Session: Class initialized using 'CodeIgniter\Session\Handlers\FileHandler' driver.
INFO - 2024-05-11 00:29:38 --> Session: Class initialized using 'CodeIgniter\Session\Handlers\FileHandler' driver.
INFO - 2024-05-11 00:30:40 --> Session: Class initialized using 'CodeIgniter\Session\Handlers\FileHandler' driver.
INFO - 2024-05-11 00:30:46 --> Session: Class initialized using 'CodeIgniter\Session\Handlers\FileHandler' driver.
INFO - 2024-05-11 00:40:00 --> Session: Class initialized using 'CodeIgniter\Session\Handlers\FileHandler' driver.
INFO - 2024-05-11 00:40:54 --> Session: Class initialized using 'CodeIgniter\Session\Handlers\FileHandler' driver.
INFO - 2024-05-11 00:48:38 --> Session: Class initialized using 'CodeIgniter\Session\Handlers\FileHandler' driver.
INFO - 2024-05-11 00:48:49 --> Session: Class initialized using 'CodeIgniter\Session\Handlers\FileHandler' driver.
INFO - 2024-05-11 00:48:57 --> Session: Class initialized using 'CodeIgniter\Session\Handlers\FileHandler' driver.
INFO - 2024-05-11 00:49:09 --> Session: Class initialized using 'CodeIgniter\Session\Handlers\FileHandler' driver.
INFO - 2024-05-11 00:50:01 --> Session: Class initialized using 'CodeIgniter\Session\Handlers\FileHandler' driver.
INFO - 2024-05-11 00:51:01 --> Session: Class initialized using 'CodeIgniter\Session\Handlers\FileHandler' driver.
INFO - 2024-05-11 00:51:02 --> Session: Class initialized using 'CodeIgniter\Session\Handlers\FileHandler' driver.
INFO - 2024-05-11 00:51:06 --> Session: Class initialized using 'CodeIgniter\Session\Handlers\FileHandler' driver.
INFO - 2024-05-11 00:51:09 --> Session: Class initialized using 'CodeIgniter\Session\Handlers\FileHandler' driver.
INFO - 2024-05-11 00:53:05 --> Session: Class initialized using 'CodeIgniter\Session\Handlers\FileHandler' driver.
INFO - 2024-05-11 00:53:12 --> Session: Class initialized using 'CodeIgniter\Session\Handlers\FileHandler' driver.
INFO - 2024-05-11 00:53:16 --> Session: Class initialized using 'CodeIgniter\Session\Handlers\FileHandler' driver.
INFO - 2024-05-11 00:53:20 --> Session: Class initialized using 'CodeIgniter\Session\Handlers\FileHandler' driver.
INFO - 2024-05-11 00:53:24 --> Session: Class initialized using 'CodeIgniter\Session\Handlers\FileHandler' driver.
INFO - 2024-05-11 00:53:55 --> Session: Class initialized using 'CodeIgniter\Session\Handlers\FileHandler' driver.
INFO - 2024-05-11 00:54:30 --> Session: Class initialized using 'CodeIgniter\Session\Handlers\FileHandler' driver.
INFO - 2024-05-11 00:55:15 --> Session: Class initialized using 'CodeIgniter\Session\Handlers\FileHandler' driver.
INFO - 2024-05-11 00:55:27 --> Session: Class initialized using 'CodeIgniter\Session\Handlers\FileHandler' driver.
INFO - 2024-05-11 00:55:38 --> Session: Class initialized using 'CodeIgniter\Session\Handlers\FileHandler' driver.
INFO - 2024-05-11 00:55:53 --> Session: Class initialized using 'CodeIgniter\Session\Handlers\FileHandler' driver.
INFO - 2024-05-11 00:56:06 --> Session: Class initialized using 'CodeIgniter\Session\Handlers\FileHandler' driver.
INFO - 2024-05-11 00:58:01 --> Session: Class initialized using 'CodeIgniter\Session\Handlers\FileHandler' driver.
INFO - 2024-05-11 00:58:02 --> Session: Class initialized using 'CodeIgniter\Session\Handlers\FileHandler' driver.
INFO - 2024-05-11 00:58:02 --> Session: Class initialized using 'CodeIgniter\Session\Handlers\FileHandler' driver.
INFO - 2024-05-11 00:58:02 --> Session: Class initialized using 'CodeIgniter\Session\Handlers\FileHandler' driver.
INFO - 2024-05-11 00:58:03 --> Session: Class initialized using 'CodeIgniter\Session\Handlers\FileHandler' driver.
INFO - 2024-05-11 00:58:03 --> Session: Class initialized using 'CodeIgniter\Session\Handlers\FileHandler' driver.
INFO - 2024-05-11 00:58:05 --> Session: Class initialized using 'CodeIgniter\Session\Handlers\FileHandler' driver.
INFO - 2024-05-11 00:58:05 --> Session: Class initialized using 'CodeIgniter\Session\Handlers\FileHandler' driver.
INFO - 2024-05-11 00:58:10 --> Session: Class initialized using 'CodeIgniter\Session\Handlers\FileHandler' driver.
INFO - 2024-05-11 00:59:06 --> Session: Class initialized using 'CodeIgniter\Session\Handlers\FileHandler' driver.
INFO - 2024-05-11 00:59:09 --> Session: Class initialized using 'CodeIgniter\Session\Handlers\FileHandler' driver.
INFO - 2024-05-11 01:00:19 --> Session: Class initialized using 'CodeIgniter\Session\Handlers\FileHandler' driver.
INFO - 2024-05-11 01:00:20 --> Session: Class initialized using 'CodeIgniter\Session\Handlers\FileHandler' driver.
INFO - 2024-05-11 10:40:19 --> Session: Class initialized using 'CodeIgniter\Session\Handlers\FileHandler' driver.
INFO - 2024-05-11 10:41:13 --> Session: Class initialized using 'CodeIgniter\Session\Handlers\FileHandler' driver.
INFO - 2024-05-11 10:41:19 --> Session: Class initialized using 'CodeIgniter\Session\Handlers\FileHandler' driver.
INFO - 2024-05-11 10:42:58 --> Session: Class initialized using 'CodeIgniter\Session\Handlers\FileHandler' driver.
INFO - 2024-05-11 10:43:15 --> Session: Class initialized using 'CodeIgniter\Session\Handlers\FileHandler' driver.
INFO - 2024-05-11 10:43:18 --> Session: Class initialized using 'CodeIgniter\Session\Handlers\FileHandler' driver.
INFO - 2024-05-11 10:43:20 --> Session: Class initialized using 'CodeIgniter\Session\Handlers\FileHandler' driver.
INFO - 2024-05-11 10:43:22 --> Session: Class initialized using 'CodeIgniter\Session\Handlers\FileHandler' driver.
INFO - 2024-05-11 10:43:23 --> Session: Class initialized using 'CodeIgniter\Session\Handlers\FileHandler' driver.
INFO - 2024-05-11 10:43:25 --> Session: Class initialized using 'CodeIgniter\Session\Handlers\FileHandler' driver.
INFO - 2024-05-11 10:43:27 --> Session: Class initialized using 'CodeIgniter\Session\Handlers\FileHandler' driver.
INFO - 2024-05-11 10:43:29 --> Session: Class initialized using 'CodeIgniter\Session\Handlers\FileHandler' driver.
INFO - 2024-05-11 10:43:32 --> Session: Class initialized using 'CodeIgniter\Session\Handlers\FileHandler' driver.
INFO - 2024-05-11 10:46:38 --> Session: Class initialized using 'CodeIgniter\Session\Handlers\FileHandler' driver.
INFO - 2024-05-11 10:46:42 --> Session: Class initialized using 'CodeIgniter\Session\Handlers\FileHandler' driver.
INFO - 2024-05-11 10:47:14 --> Session: Class initialized using 'CodeIgniter\Session\Handlers\FileHandler' driver.
INFO - 2024-05-11 10:47:19 --> Session: Class initialized using 'CodeIgniter\Session\Handlers\FileHandler' driver.
INFO - 2024-05-11 11:01:10 --> Session: Class initialized using 'CodeIgniter\Session\Handlers\FileHandler' driver.
INFO - 2024-05-11 11:01:12 --> Session: Class initialized using 'CodeIgniter\Session\Handlers\FileHandler' driver.
INFO - 2024-05-11 11:01:17 --> Session: Class initialized using 'CodeIgniter\Session\Handlers\FileHandler' driver.
INFO - 2024-05-11 11:01:19 --> Session: Class initialized using 'CodeIgniter\Session\Handlers\FileHandler' driver.
INFO - 2024-05-11 11:01:39 --> Session: Class initialized using 'CodeIgniter\Session\Handlers\FileHandler' driver.
INFO - 2024-05-11 11:01:41 --> Session: Class initialized using 'CodeIgniter\Session\Handlers\FileHandler' driver.
INFO - 2024-05-11 11:01:43 --> Session: Class initialized using 'CodeIgniter\Session\Handlers\FileHandler' driver.
INFO - 2024-05-11 11:01:44 --> Session: Class initialized using 'CodeIgniter\Session\Handlers\FileHandler' driver.
INFO - 2024-05-11 11:01:46 --> Session: Class initialized using 'CodeIgniter\Session\Handlers\FileHandler' driver.
INFO - 2024-05-11 11:02:30 --> Session: Class initialized using 'CodeIgniter\Session\Handlers\FileHandler' driver.
INFO - 2024-05-11 11:02:33 --> Session: Class initialized using 'CodeIgniter\Session\Handlers\FileHandler' driver.
INFO - 2024-05-11 11:05:40 --> Session: Class initialized using 'CodeIgniter\Session\Handlers\FileHandler' driver.
INFO - 2024-05-11 11:07:55 --> Session: Class initialized using 'CodeIgniter\Session\Handlers\FileHandler' driver.
INFO - 2024-05-11 11:08:32 --> Session: Class initialized using 'CodeIgniter\Session\Handlers\FileHandler' driver.
INFO - 2024-05-11 11:08:59 --> Session: Class initialized using 'CodeIgniter\Session\Handlers\FileHandler' driver.
INFO - 2024-05-11 11:11:05 --> Session: Class initialized using 'CodeIgniter\Session\Handlers\FileHandler' driver.
INFO - 2024-05-11 11:11:35 --> Session: Class initialized using 'CodeIgniter\Session\Handlers\FileHandler' driver.
INFO - 2024-05-11 11:12:12 --> Session: Class initialized using 'CodeIgniter\Session\Handlers\FileHandler' driver.
INFO - 2024-05-11 11:12:45 --> Session: Class initialized using 'CodeIgniter\Session\Handlers\FileHandler' driver.
INFO - 2024-05-11 11:32:52 --> Session: Class initialized using 'CodeIgniter\Session\Handlers\FileHandler' driver.
INFO - 2024-05-11 11:32:55 --> Session: Class initialized using 'CodeIgniter\Session\Handlers\FileHandler' driver.
INFO - 2024-05-11 11:33:22 --> CSRF token verified.
INFO - 2024-05-11 11:33:22 --> Session: Class initialized using 'CodeIgniter\Session\Handlers\FileHandler' driver.
INFO - 2024-05-11 11:33:22 --> Session: Class initialized using 'CodeIgniter\Session\Handlers\FileHandler' driver.
INFO - 2024-05-11 11:33:29 --> Session: Class initialized using 'CodeIgniter\Session\Handlers\FileHandler' driver.
CRITICAL - 2024-05-11 11:33:29 --> Error: Call to a member function obtenerTotalBorradoresNoticia() on null
in APPPATH\Controllers\Noticia.php on line 197.
 1 APPPATH\Controllers\Noticia.php(353): App\Controllers\Noticia->getBorradores('38')
 2 [internal function]: App\Controllers\Noticia->App\Controllers\{closure}([...])
 3 APPPATH\Controllers\Noticia.php(344): array_map(Object(Closure), [...])
 4 SYSTEMPATH\CodeIgniter.php(943): App\Controllers\Noticia->misNoticias()
 5 SYSTEMPATH\CodeIgniter.php(503): CodeIgniter\CodeIgniter->runController(Object(App\Controllers\Noticia))
 6 SYSTEMPATH\CodeIgniter.php(361): CodeIgniter\CodeIgniter->handleRequest(null, Object(Config\Cache), false)
 7 FCPATH\index.php(79): CodeIgniter\CodeIgniter->run()
INFO - 2024-05-11 11:35:19 --> Session: Class initialized using 'CodeIgniter\Session\Handlers\FileHandler' driver.
INFO - 2024-05-11 11:40:35 --> Session: Class initialized using 'CodeIgniter\Session\Handlers\FileHandler' driver.
INFO - 2024-05-11 11:40:38 --> Session: Class initialized using 'CodeIgniter\Session\Handlers\FileHandler' driver.
INFO - 2024-05-11 11:41:01 --> Session: Class initialized using 'CodeIgniter\Session\Handlers\FileHandler' driver.
INFO - 2024-05-11 11:41:02 --> Session: Class initialized using 'CodeIgniter\Session\Handlers\FileHandler' driver.
INFO - 2024-05-11 11:41:08 --> Session: Class initialized using 'CodeIgniter\Session\Handlers\FileHandler' driver.
INFO - 2024-05-11 11:41:30 --> Session: Class initialized using 'CodeIgniter\Session\Handlers\FileHandler' driver.
INFO - 2024-05-11 11:52:30 --> Session: Class initialized using 'CodeIgniter\Session\Handlers\FileHandler' driver.
INFO - 2024-05-11 11:52:33 --> Session: Class initialized using 'CodeIgniter\Session\Handlers\FileHandler' driver.
INFO - 2024-05-11 11:52:34 --> Session: Class initialized using 'CodeIgniter\Session\Handlers\FileHandler' driver.
INFO - 2024-05-11 11:52:35 --> Session: Class initialized using 'CodeIgniter\Session\Handlers\FileHandler' driver.
INFO - 2024-05-11 11:52:36 --> Session: Class initialized using 'CodeIgniter\Session\Handlers\FileHandler' driver.
INFO - 2024-05-11 11:52:41 --> Session: Class initialized using 'CodeIgniter\Session\Handlers\FileHandler' driver.
INFO - 2024-05-11 12:07:37 --> Session: Class initialized using 'CodeIgniter\Session\Handlers\FileHandler' driver.
INFO - 2024-05-11 12:09:44 --> Session: Class initialized using 'CodeIgniter\Session\Handlers\FileHandler' driver.
INFO - 2024-05-11 12:09:46 --> Session: Class initialized using 'CodeIgniter\Session\Handlers\FileHandler' driver.
INFO - 2024-05-11 12:09:50 --> Session: Class initialized using 'CodeIgniter\Session\Handlers\FileHandler' driver.
INFO - 2024-05-11 12:10:01 --> Session: Class initialized using 'CodeIgniter\Session\Handlers\FileHandler' driver.
INFO - 2024-05-11 12:10:08 --> Session: Class initialized using 'CodeIgniter\Session\Handlers\FileHandler' driver.
